TN:
SF:src\app.ts
FN:85,(anonymous_10)
FN:92,(anonymous_11)
FN:104,(anonymous_12)
FN:115,(anonymous_13)
FN:130,(anonymous_14)
FN:155,(anonymous_15)
FN:157,(anonymous_16)
FN:191,(anonymous_17)
FN:193,(anonymous_18)
FN:220,(anonymous_19)
FN:233,(anonymous_20)
FN:235,(anonymous_21)
FN:244,(anonymous_22)
FN:253,(anonymous_23)
FN:269,(anonymous_24)
FN:271,(anonymous_25)
FN:307,(anonymous_26)
FN:309,(anonymous_27)
FN:323,(anonymous_28)
FN:324,(anonymous_29)
FN:342,(anonymous_30)
FN:344,(anonymous_31)
FN:350,(anonymous_32)
FN:351,(anonymous_33)
FN:367,(anonymous_34)
FN:386,(anonymous_35)
FN:397,(anonymous_36)
FN:399,(anonymous_37)
FN:433,(anonymous_38)
FN:445,(anonymous_39)
FN:457,(anonymous_40)
FN:462,(anonymous_41)
FNF:32
FNH:6
FNDA:14,(anonymous_10)
FNDA:14,(anonymous_11)
FNDA:3,(anonymous_12)
FNDA:14,(anonymous_13)
FNDA:140,(anonymous_14)
FNDA:0,(anonymous_15)
FNDA:0,(anonymous_16)
FNDA:0,(anonymous_17)
FNDA:0,(anonymous_18)
FNDA:0,(anonymous_19)
FNDA:0,(anonymous_20)
FNDA:0,(anonymous_21)
FNDA:0,(anonymous_22)
FNDA:0,(anonymous_23)
FNDA:0,(anonymous_24)
FNDA:0,(anonymous_25)
FNDA:0,(anonymous_26)
FNDA:0,(anonymous_27)
FNDA:0,(anonymous_28)
FNDA:0,(anonymous_29)
FNDA:0,(anonymous_30)
FNDA:0,(anonymous_31)
FNDA:0,(anonymous_32)
FNDA:0,(anonymous_33)
FNDA:0,(anonymous_34)
FNDA:0,(anonymous_35)
FNDA:0,(anonymous_36)
FNDA:0,(anonymous_37)
FNDA:14,(anonymous_38)
FNDA:0,(anonymous_39)
FNDA:0,(anonymous_40)
FNDA:0,(anonymous_41)
DA:1,1
DA:2,1
DA:3,1
DA:4,1
DA:5,1
DA:6,1
DA:8,1
DA:9,1
DA:10,1
DA:11,1
DA:12,1
DA:22,1
DA:26,1
DA:27,1
DA:29,1
DA:30,1
DA:32,1
DA:35,1
DA:38,1
DA:47,1
DA:50,1
DA:53,1
DA:56,1
DA:59,1
DA:78,1
DA:79,1
DA:80,1
DA:81,0
DA:85,1
DA:86,14
DA:87,14
DA:91,1
DA:93,14
DA:94,0
DA:96,14
DA:102,1
DA:105,3
DA:108,1
DA:111,1
DA:114,1
DA:115,1
DA:117,14
DA:130,140
DA:132,14
DA:133,14
DA:136,0
DA:140,1
DA:141,1
DA:143,1
DA:146,1
DA:149,1
DA:152,1
DA:155,1
DA:156,0
DA:157,0
DA:158,0
DA:160,0
DA:161,0
DA:169,0
DA:178,0
DA:191,1
DA:192,0
DA:193,0
DA:194,0
DA:197,0
DA:198,0
DA:199,0
DA:200,0
DA:201,0
DA:204,0
DA:206,0
DA:220,1
DA:221,0
DA:222,0
DA:228,0
DA:233,1
DA:234,0
DA:235,0
DA:236,0
DA:239,0
DA:241,0
DA:242,0
DA:245,0
DA:246,0
DA:250,0
DA:254,0
DA:255,0
DA:260,0
DA:269,1
DA:270,0
DA:271,0
DA:273,0
DA:274,0
DA:275,0
DA:277,0
DA:294,0
DA:295,0
DA:297,0
DA:307,1
DA:308,0
DA:309,0
DA:310,0
DA:312,0
DA:313,0
DA:314,0
DA:316,0
DA:323,0
DA:324,0
DA:329,0
DA:330,0
DA:332,0
DA:342,1
DA:343,0
DA:344,0
DA:346,0
DA:347,0
DA:350,0
DA:351,0
DA:353,0
DA:354,0
DA:355,0
DA:356,0
DA:357,0
DA:360,0
DA:367,0
DA:373,0
DA:374,0
DA:376,0
DA:386,1
DA:387,0
DA:397,1
DA:398,0
DA:399,0
DA:400,0
DA:403,0
DA:404,0
DA:405,0
DA:406,0
DA:407,0
DA:410,0
DA:412,0
DA:424,1
DA:427,1
DA:433,1
DA:434,14
DA:435,14
DA:439,1
DA:443,1
DA:445,1
DA:446,0
DA:447,0
DA:449,0
DA:457,1
DA:458,0
DA:462,1
DA:463,0
DA:470,1
DA:471,1
DA:474,1
DA:476,1
LF:160
LH:72
BRDA:69,0,0,0
BRDA:69,0,1,1
BRDA:80,1,0,0
BRDA:93,2,0,0
BRDA:132,3,0,14
BRDA:132,4,0,14
BRDA:132,4,1,11
BRDA:132,4,2,0
BRDA:132,4,3,0
BRDA:160,5,0,0
BRDA:160,5,1,0
BRDA:163,6,0,0
BRDA:163,6,1,0
BRDA:164,7,0,0
BRDA:164,7,1,0
BRDA:171,8,0,0
BRDA:171,8,1,0
BRDA:172,9,0,0
BRDA:172,9,1,0
BRDA:180,10,0,0
BRDA:180,10,1,0
BRDA:181,11,0,0
BRDA:181,11,1,0
BRDA:198,12,0,0
BRDA:198,12,1,0
BRDA:200,13,0,0
BRDA:241,14,0,0
BRDA:241,14,1,0
BRDA:278,15,0,0
BRDA:278,15,1,0
BRDA:291,16,0,0
BRDA:291,16,1,0
BRDA:294,17,0,0
BRDA:294,17,1,0
BRDA:317,18,0,0
BRDA:317,18,1,0
BRDA:329,19,0,0
BRDA:329,19,1,0
BRDA:354,20,0,0
BRDA:354,20,1,0
BRDA:356,21,0,0
BRDA:373,22,0,0
BRDA:373,22,1,0
BRDA:404,23,0,0
BRDA:404,23,1,0
BRDA:406,24,0,0
BRDA:446,25,0,0
BRDA:446,25,1,0
BRF:48
BRH:4
end_of_record
TN:
SF:src\debug-config.ts
FNF:0
FNH:0
DA:2,0
DA:5,0
DA:6,0
DA:7,0
DA:8,0
DA:9,0
DA:10,0
DA:11,0
LF:8
LH:0
BRF:0
BRH:0
end_of_record
TN:
SF:src\workers-standalone.ts
FN:17,startWorkers
FN:34,(anonymous_11)
FN:40,(anonymous_12)
FN:41,(anonymous_13)
FN:45,(anonymous_14)
FN:66,(anonymous_15)
FN:75,(anonymous_16)
FN:84,(anonymous_17)
FN:97,(anonymous_18)
FN:110,(anonymous_19)
FN:124,(anonymous_20)
FN:137,(anonymous_21)
FN:150,(anonymous_22)
FN:177,(anonymous_23)
FN:203,(anonymous_24)
FN:211,(anonymous_25)
FN:220,(anonymous_26)
FNF:17
FNH:0
FNDA:0,startWorkers
FNDA:0,(anonymous_11)
FNDA:0,(anonymous_12)
FNDA:0,(anonymous_13)
FNDA:0,(anonymous_14)
FNDA:0,(anonymous_15)
FNDA:0,(anonymous_16)
FNDA:0,(anonymous_17)
FNDA:0,(anonymous_18)
FNDA:0,(anonymous_19)
FNDA:0,(anonymous_20)
FNDA:0,(anonymous_21)
FNDA:0,(anonymous_22)
FNDA:0,(anonymous_23)
FNDA:0,(anonymous_24)
FNDA:0,(anonymous_25)
FNDA:0,(anonymous_26)
DA:8,0
DA:9,0
DA:11,0
DA:12,0
DA:13,0
DA:14,0
DA:15,0
DA:18,0
DA:20,0
DA:22,0
DA:23,0
DA:24,0
DA:27,0
DA:28,0
DA:29,0
DA:32,0
DA:33,0
DA:34,0
DA:35,0
DA:37,0
DA:38,0
DA:40,0
DA:42,0
DA:43,0
DA:46,0
DA:47,0
DA:52,0
DA:53,0
DA:56,0
DA:57,0
DA:63,0
DA:66,0
DA:67,0
DA:68,0
DA:75,0
DA:76,0
DA:83,0
DA:84,0
DA:85,0
DA:86,0
DA:92,0
DA:96,0
DA:97,0
DA:98,0
DA:99,0
DA:105,0
DA:109,0
DA:110,0
DA:111,0
DA:112,0
DA:117,0
DA:119,0
DA:123,0
DA:124,0
DA:125,0
DA:130,0
DA:132,0
DA:136,0
DA:137,0
DA:138,0
DA:143,0
DA:145,0
DA:149,0
DA:150,0
DA:151,0
DA:156,0
DA:158,0
DA:161,0
DA:164,0
DA:165,0
DA:166,0
DA:169,0
DA:170,0
DA:171,0
DA:174,0
DA:177,0
DA:178,0
DA:180,0
DA:181,0
DA:188,0
DA:194,0
DA:195,0
DA:196,0
DA:198,0
DA:203,0
DA:204,0
DA:208,0
DA:211,0
DA:212,0
DA:216,0
DA:220,0
DA:221,0
DA:222,0
LF:93
LH:0
BRDA:37,0,0,0
BRDA:56,1,0,0
BRDA:56,1,1,0
BRDA:58,2,0,0
BRDA:58,2,1,0
BRDA:180,3,0,0
BRDA:194,4,0,0
BRDA:194,4,1,0
BRDA:195,5,0,0
BRF:9
BRH:0
end_of_record
TN:
SF:src\adapters\BasePlatformAdapter.ts
FN:25,(anonymous_0)
FN:79,(anonymous_1)
FN:97,(anonymous_2)
FN:110,(anonymous_3)
FN:132,(anonymous_4)
FN:141,(anonymous_5)
FNF:6
FNH:0
FNDA:0,(anonymous_0)
FNDA:0,(anonymous_1)
FNDA:0,(anonymous_2)
FNDA:0,(anonymous_3)
FNDA:0,(anonymous_4)
FNDA:0,(anonymous_5)
DA:8,0
DA:18,0
DA:20,0
DA:26,0
DA:27,0
DA:28,0
DA:80,0
DA:81,0
DA:82,0
DA:84,0
DA:85,0
DA:89,0
DA:98,0
DA:99,0
DA:103,0
DA:111,0
DA:112,0
DA:117,0
DA:120,0
DA:121,0
DA:125,0
DA:133,0
DA:134,0
DA:142,0
DA:143,0
DA:144,0
DA:146,0
DA:147,0
DA:151,0
LF:29
LH:0
BRDA:84,0,0,0
BRDA:84,0,1,0
BRDA:98,1,0,0
BRDA:98,1,1,0
BRDA:111,2,0,0
BRDA:120,3,0,0
BRDA:120,3,1,0
BRDA:133,4,0,0
BRDA:133,4,1,0
BRDA:144,5,0,0
BRDA:144,5,1,0
BRDA:146,6,0,0
BRDA:146,6,1,0
BRF:13
BRH:0
end_of_record
TN:
SF:src\adapters\FacebookAdapter.ts
FN:15,(anonymous_0)
FN:20,(anonymous_1)
FN:31,(anonymous_2)
FN:41,(anonymous_3)
FN:50,(anonymous_4)
FN:70,(anonymous_5)
FN:81,(anonymous_6)
FN:90,(anonymous_7)
FN:94,(anonymous_8)
FNF:9
FNH:0
FNDA:0,(anonymous_0)
FNDA:0,(anonymous_1)
FNDA:0,(anonymous_2)
FNDA:0,(anonymous_3)
FNDA:0,(anonymous_4)
FNDA:0,(anonymous_5)
FNDA:0,(anonymous_6)
FNDA:0,(anonymous_7)
FNDA:0,(anonymous_8)
DA:2,0
DA:11,0
DA:16,0
DA:17,0
DA:21,0
DA:28,0
DA:32,0
DA:34,0
DA:42,0
DA:44,0
DA:51,0
DA:56,0
DA:57,0
DA:60,0
DA:62,0
DA:71,0
DA:73,0
DA:82,0
DA:83,0
DA:84,0
DA:86,0
DA:91,0
DA:95,0
LF:23
LH:0
BRDA:56,0,0,0
BRF:1
BRH:0
end_of_record
TN:
SF:src\adapters\LinkedInAdapter.ts
FN:15,(anonymous_0)
FN:20,(anonymous_1)
FN:32,(anonymous_2)
FN:43,(anonymous_3)
FN:53,(anonymous_4)
FN:73,(anonymous_5)
FN:84,(anonymous_6)
FN:93,(anonymous_7)
FN:97,(anonymous_8)
FNF:9
FNH:0
FNDA:0,(anonymous_0)
FNDA:0,(anonymous_1)
FNDA:0,(anonymous_2)
FNDA:0,(anonymous_3)
FNDA:0,(anonymous_4)
FNDA:0,(anonymous_5)
FNDA:0,(anonymous_6)
FNDA:0,(anonymous_7)
FNDA:0,(anonymous_8)
DA:2,0
DA:11,0
DA:16,0
DA:17,0
DA:21,0
DA:29,0
DA:33,0
DA:35,0
DA:44,0
DA:46,0
DA:54,0
DA:59,0
DA:60,0
DA:63,0
DA:65,0
DA:74,0
DA:76,0
DA:85,0
DA:86,0
DA:87,0
DA:89,0
DA:94,0
DA:98,0
LF:23
LH:0
BRDA:59,0,0,0
BRF:1
BRH:0
end_of_record
TN:
SF:src\adapters\TwitterAdapter.ts
FN:25,(anonymous_0)
FN:34,(anonymous_1)
FN:41,(anonymous_2)
FN:57,(anonymous_3)
FN:71,(anonymous_4)
FN:97,(anonymous_5)
FN:113,(anonymous_6)
FN:125,(anonymous_7)
FN:132,(anonymous_8)
FNF:9
FNH:0
FNDA:0,(anonymous_0)
FNDA:0,(anonymous_1)
FNDA:0,(anonymous_2)
FNDA:0,(anonymous_3)
FNDA:0,(anonymous_4)
FNDA:0,(anonymous_5)
FNDA:0,(anonymous_6)
FNDA:0,(anonymous_7)
FNDA:0,(anonymous_8)
DA:2,0
DA:16,0
DA:19,0
DA:26,0
DA:27,0
DA:35,0
DA:43,0
DA:46,0
DA:59,0
DA:61,0
DA:73,0
DA:79,0
DA:80,0
DA:84,0
DA:86,0
DA:99,0
DA:101,0
DA:114,0
DA:115,0
DA:116,0
DA:118,0
DA:126,0
DA:133,0
LF:23
LH:0
BRDA:79,0,0,0
BRF:1
BRH:0
end_of_record
TN:
SF:src\adapters\analytics\FacebookAnalyticsAdapter.ts
FN:18,(anonymous_1)
FNF:1
FNH:0
FNDA:0,(anonymous_1)
DA:7,0
DA:9,0
DA:11,0
DA:12,0
DA:13,0
DA:19,0
DA:21,0
DA:22,0
DA:27,0
DA:35,0
DA:38,0
DA:39,0
DA:40,0
DA:43,0
DA:44,0
DA:45,0
DA:47,0
DA:48,0
DA:49,0
DA:50,0
DA:51,0
DA:52,0
DA:53,0
DA:54,0
DA:59,0
DA:71,0
DA:76,0
DA:78,0
DA:83,0
LF:29
LH:0
BRDA:38,0,0,0
BRDA:38,0,1,0
BRDA:39,1,0,0
BRDA:39,1,1,0
BRDA:40,2,0,0
BRDA:40,2,1,0
BRDA:47,3,0,0
BRDA:49,4,0,0
BRDA:49,4,1,0
BRDA:50,5,0,0
BRDA:50,5,1,0
BRDA:51,6,0,0
BRDA:51,6,1,0
BRDA:52,7,0,0
BRDA:52,7,1,0
BRDA:53,8,0,0
BRDA:54,9,0,0
BRDA:54,9,1,0
BRF:18
BRH:0
end_of_record
TN:
SF:src\adapters\analytics\InstagramAnalyticsAdapter.ts
FN:43,(anonymous_1)
FN:87,(anonymous_2)
FN:168,(anonymous_3)
FN:216,(anonymous_4)
FN:230,(anonymous_5)
FN:240,(anonymous_6)
FN:254,(anonymous_7)
FN:286,(anonymous_8)
FN:293,(anonymous_9)
FN:295,(anonymous_10)
FN:308,(anonymous_11)
FN:320,(anonymous_12)
FN:338,(anonymous_13)
FN:370,(anonymous_14)
FNF:14
FNH:0
FNDA:0,(anonymous_1)
FNDA:0,(anonymous_2)
FNDA:0,(anonymous_3)
FNDA:0,(anonymous_4)
FNDA:0,(anonymous_5)
FNDA:0,(anonymous_6)
FNDA:0,(anonymous_7)
FNDA:0,(anonymous_8)
FNDA:0,(anonymous_9)
FNDA:0,(anonymous_10)
FNDA:0,(anonymous_11)
FNDA:0,(anonymous_12)
FNDA:0,(anonymous_13)
FNDA:0,(anonymous_14)
DA:8,1
DA:10,1
DA:36,1
DA:37,0
DA:38,0
DA:44,0
DA:46,0
DA:47,0
DA:52,0
DA:55,0
DA:56,0
DA:57,0
DA:60,0
DA:68,0
DA:73,0
DA:75,0
DA:80,0
DA:89,0
DA:97,0
DA:100,0
DA:101,0
DA:102,0
DA:103,0
DA:104,0
DA:105,0
DA:106,0
DA:107,0
DA:108,0
DA:109,0
DA:111,0
DA:112,0
DA:114,0
DA:116,0
DA:117,0
DA:119,0
DA:120,0
DA:122,0
DA:123,0
DA:125,0
DA:126,0
DA:128,0
DA:129,0
DA:131,0
DA:132,0
DA:134,0
DA:135,0
DA:137,0
DA:138,0
DA:140,0
DA:141,0
DA:143,0
DA:144,0
DA:148,0
DA:169,0
DA:171,0
DA:181,0
DA:190,0
DA:191,0
DA:194,0
DA:197,0
DA:199,0
DA:205,0
DA:209,0
DA:217,0
DA:223,0
DA:224,0
DA:226,0
DA:227,0
DA:230,0
DA:231,0
DA:232,0
DA:233,0
DA:234,0
DA:237,0
DA:240,0
DA:241,0
DA:243,0
DA:248,0
DA:255,0
DA:256,0
DA:265,0
DA:268,0
DA:270,0
DA:275,0
DA:279,0
DA:287,0
DA:288,0
DA:292,0
DA:293,0
DA:296,0
DA:297,0
DA:298,0
DA:299,0
DA:302,0
DA:313,0
DA:315,0
DA:318,0
DA:320,0
DA:327,0
DA:331,0
DA:339,0
DA:340,0
DA:348,0
DA:349,0
DA:351,0
DA:352,0
DA:355,0
DA:359,0
DA:363,0
DA:371,0
DA:372,0
DA:380,0
DA:381,0
DA:383,0
DA:384,0
DA:387,0
DA:391,0
DA:395,0
LF:118
LH:3
BRDA:56,0,0,0
BRDA:97,1,0,0
BRDA:97,1,1,0
BRDA:112,2,0,0
BRDA:112,2,1,0
BRDA:114,3,0,0
BRDA:114,3,1,0
BRDA:114,3,2,0
BRDA:114,3,3,0
BRDA:114,3,4,0
BRDA:114,3,5,0
BRDA:114,3,6,0
BRDA:114,3,7,0
BRDA:114,3,8,0
BRDA:114,3,9,0
BRDA:190,4,0,0
BRDA:190,4,1,0
BRDA:191,5,0,0
BRDA:191,5,1,0
BRDA:226,6,0,0
BRDA:226,7,0,0
BRDA:226,7,1,0
BRDA:227,8,0,0
BRDA:227,8,1,0
BRDA:227,8,2,0
BRDA:231,9,0,0
BRDA:231,10,0,0
BRDA:231,10,1,0
BRDA:233,11,0,0
BRDA:233,11,1,0
BRDA:234,12,0,0
BRDA:234,12,1,0
BRDA:265,13,0,0
BRDA:265,13,1,0
BRDA:287,14,0,0
BRDA:287,15,0,0
BRDA:287,15,1,0
BRDA:297,16,0,0
BRDA:297,16,1,0
BRDA:298,17,0,0
BRDA:298,17,1,0
BRDA:298,18,0,0
BRDA:298,18,1,0
BRDA:348,19,0,0
BRDA:348,19,1,0
BRDA:352,20,0,0
BRDA:352,20,1,0
BRDA:380,21,0,0
BRDA:380,21,1,0
BRDA:384,22,0,0
BRDA:384,22,1,0
BRF:51
BRH:0
end_of_record
TN:
SF:src\adapters\analytics\LinkedInAnalyticsAdapter.ts
FN:17,(anonymous_1)
FNF:1
FNH:0
FNDA:0,(anonymous_1)
DA:7,0
DA:9,0
DA:11,0
DA:12,0
DA:18,0
DA:20,0
DA:21,0
DA:26,0
DA:34,0
DA:37,0
DA:38,0
DA:39,0
DA:42,0
DA:43,0
DA:45,0
DA:46,0
DA:58,0
DA:59,0
DA:60,0
DA:61,0
DA:64,0
DA:70,0
DA:81,0
DA:86,0
DA:88,0
DA:93,0
LF:26
LH:0
BRDA:37,0,0,0
BRDA:37,0,1,0
BRDA:38,1,0,0
BRDA:38,1,1,0
BRDA:39,2,0,0
BRDA:39,2,1,0
BRDA:59,3,0,0
BRDA:60,4,0,0
BRDA:60,4,1,0
BRDA:61,5,0,0
BRDA:61,5,1,0
BRF:11
BRH:0
end_of_record
TN:
SF:src\adapters\analytics\TikTokAnalyticsAdapter.ts
FN:17,(anonymous_1)
FNF:1
FNH:0
FNDA:0,(anonymous_1)
DA:7,0
DA:9,0
DA:11,0
DA:12,0
DA:18,0
DA:20,0
DA:21,0
DA:26,0
DA:50,0
DA:52,0
DA:53,0
DA:57,0
DA:58,0
DA:59,0
DA:60,0
DA:62,0
DA:75,0
DA:80,0
DA:82,0
DA:87,0
LF:20
LH:0
BRDA:52,0,0,0
BRDA:57,1,0,0
BRDA:57,1,1,0
BRDA:58,2,0,0
BRDA:58,2,1,0
BRDA:59,3,0,0
BRDA:59,3,1,0
BRDA:60,4,0,0
BRDA:60,4,1,0
BRF:9
BRH:0
end_of_record
TN:
SF:src\adapters\analytics\TwitterAnalyticsAdapter.ts
FN:39,(anonymous_1)
FN:68,(anonymous_2)
FN:128,(anonymous_3)
FN:193,(anonymous_4)
FN:216,(anonymous_5)
FN:239,(anonymous_6)
FN:272,(anonymous_7)
FN:296,(anonymous_8)
FNF:8
FNH:0
FNDA:0,(anonymous_1)
FNDA:0,(anonymous_2)
FNDA:0,(anonymous_3)
FNDA:0,(anonymous_4)
FNDA:0,(anonymous_5)
FNDA:0,(anonymous_6)
FNDA:0,(anonymous_7)
FNDA:0,(anonymous_8)
DA:8,0
DA:10,0
DA:33,0
DA:34,0
DA:40,0
DA:42,0
DA:43,0
DA:48,0
DA:50,0
DA:51,0
DA:54,0
DA:56,0
DA:61,0
DA:69,0
DA:81,0
DA:82,0
DA:83,0
DA:84,0
DA:87,0
DA:88,0
DA:89,0
DA:90,0
DA:91,0
DA:92,0
DA:93,0
DA:94,0
DA:95,0
DA:97,0
DA:117,0
DA:122,0
DA:130,0
DA:132,0
DA:140,0
DA:141,0
DA:144,0
DA:145,0
DA:146,0
DA:148,0
DA:154,0
DA:155,0
DA:159,0
DA:160,0
DA:163,0
DA:164,0
DA:168,0
DA:173,0
DA:178,0
DA:179,0
DA:194,0
DA:195,0
DA:204,0
DA:207,0
DA:209,0
DA:217,0
DA:218,0
DA:229,0
DA:231,0
DA:232,0
DA:240,0
DA:241,0
DA:250,0
DA:251,0
DA:253,0
DA:262,0
DA:265,0
DA:273,0
DA:275,0
DA:284,0
DA:286,0
DA:289,0
DA:297,0
DA:300,0
DA:308,0
DA:311,0
LF:74
LH:0
BRDA:50,0,0,0
BRDA:82,1,0,0
BRDA:82,1,1,0
BRDA:83,2,0,0
BRDA:83,2,1,0
BRDA:84,3,0,0
BRDA:84,3,1,0
BRDA:87,4,0,0
BRDA:87,4,1,0
BRDA:88,5,0,0
BRDA:88,5,1,0
BRDA:89,6,0,0
BRDA:89,6,1,0
BRDA:90,7,0,0
BRDA:90,7,1,0
BRDA:91,8,0,0
BRDA:91,8,1,0
BRDA:91,8,2,0
BRDA:92,9,0,0
BRDA:92,9,1,0
BRDA:92,9,2,0
BRDA:93,10,0,0
BRDA:93,10,1,0
BRDA:93,10,2,0
BRDA:94,11,0,0
BRDA:94,11,1,0
BRDA:94,11,2,0
BRDA:95,12,0,0
BRDA:95,12,1,0
BRDA:95,12,2,0
BRDA:110,13,0,0
BRDA:110,13,1,0
BRDA:111,14,0,0
BRDA:111,14,1,0
BRDA:160,15,0,0
BRDA:160,15,1,0
BRDA:163,16,0,0
BRDA:173,17,0,0
BRDA:173,17,1,0
BRDA:207,18,0,0
BRDA:207,18,1,0
BRDA:229,19,0,0
BRDA:229,19,1,0
BRDA:272,20,0,0
BRDA:284,21,0,0
BRDA:284,21,1,0
BRF:46
BRH:0
end_of_record
TN:
SF:src\adapters\media\FacebookMediaAdapter.ts
FN:18,(anonymous_1)
FN:22,(anonymous_2)
FN:44,(anonymous_3)
FN:68,(anonymous_4)
FNF:4
FNH:0
FNDA:0,(anonymous_1)
FNDA:0,(anonymous_2)
FNDA:0,(anonymous_3)
FNDA:0,(anonymous_4)
DA:10,0
DA:11,0
DA:13,0
DA:15,0
DA:16,0
DA:19,0
DA:23,0
DA:24,0
DA:26,0
DA:27,0
DA:28,0
DA:29,0
DA:30,0
DA:32,0
DA:35,0
DA:40,0
DA:45,0
DA:54,0
DA:56,0
DA:61,0
DA:69,0
DA:78,0
DA:80,0
DA:85,0
LF:24
LH:0
BRDA:24,0,0,0
BRDA:24,0,1,0
BRDA:27,1,0,0
BRDA:27,1,1,0
BRDA:27,2,0,0
BRDA:27,2,1,0
BRDA:29,3,0,0
BRDA:29,3,1,0
BRF:8
BRH:0
end_of_record
TN:
SF:src\adapters\media\InstagramMediaAdapter.ts
FN:18,(anonymous_1)
FN:22,(anonymous_2)
FNF:2
FNH:0
FNDA:0,(anonymous_1)
FNDA:0,(anonymous_2)
DA:10,0
DA:11,0
DA:13,0
DA:15,0
DA:16,0
DA:19,0
DA:23,0
DA:24,0
DA:26,0
DA:31,0
DA:40,0
DA:42,0
DA:47,0
DA:56,0
DA:61,0
LF:15
LH:0
BRDA:24,0,0,0
BRDA:24,0,1,0
BRDA:35,1,0,0
BRDA:35,1,1,0
BRF:4
BRH:0
end_of_record
TN:
SF:src\adapters\media\LinkedInMediaAdapter.ts
FN:18,(anonymous_1)
FN:22,(anonymous_2)
FNF:2
FNH:0
FNDA:0,(anonymous_1)
FNDA:0,(anonymous_2)
DA:10,0
DA:11,0
DA:13,0
DA:15,0
DA:16,0
DA:19,0
DA:23,0
DA:24,0
DA:26,0
DA:28,0
DA:50,0
DA:51,0
DA:54,0
DA:57,0
DA:59,0
DA:65,0
DA:70,0
DA:79,0
DA:84,0
LF:19
LH:0
BRDA:24,0,0,0
BRDA:24,0,1,0
BRF:2
BRH:0
end_of_record
TN:
SF:src\adapters\media\TikTokMediaAdapter.ts
FN:18,(anonymous_1)
FN:22,(anonymous_2)
FNF:2
FNH:0
FNDA:0,(anonymous_1)
FNDA:0,(anonymous_2)
DA:10,0
DA:11,0
DA:13,0
DA:15,0
DA:16,0
DA:19,0
DA:23,0
DA:25,0
DA:27,0
DA:28,0
DA:32,0
DA:45,0
DA:47,0
DA:52,0
DA:61,0
DA:66,0
LF:16
LH:0
BRDA:27,0,0,0
BRF:1
BRH:0
end_of_record
TN:
SF:src\adapters\media\TwitterMediaAdapter.ts
FN:19,(anonymous_1)
FN:23,(anonymous_2)
FNF:2
FNH:0
FNDA:0,(anonymous_1)
FNDA:0,(anonymous_2)
DA:10,0
DA:11,0
DA:12,0
DA:14,0
DA:16,0
DA:17,0
DA:20,0
DA:24,0
DA:26,0
DA:28,0
DA:31,0
DA:34,0
DA:37,0
DA:51,0
DA:54,0
DA:55,0
DA:56,0
DA:57,0
DA:58,0
DA:60,0
DA:72,0
DA:85,0
DA:90,0
DA:99,0
DA:104,0
LF:25
LH:0
BRDA:34,0,0,0
BRDA:34,0,1,0
BRF:2
BRH:0
end_of_record
TN:
SF:src\adapters\platforms\AdapterFactory.ts
FN:28,(anonymous_0)
FN:72,(anonymous_1)
FN:98,(anonymous_2)
FN:124,(anonymous_3)
FN:132,(anonymous_4)
FN:139,(anonymous_5)
FNF:6
FNH:0
FNDA:0,(anonymous_0)
FNDA:0,(anonymous_1)
FNDA:0,(anonymous_2)
FNDA:0,(anonymous_3)
FNDA:0,(anonymous_4)
FNDA:0,(anonymous_5)
DA:9,0
DA:10,0
DA:11,0
DA:12,0
DA:13,0
DA:14,0
DA:15,0
DA:16,0
DA:17,0
DA:18,0
DA:19,0
DA:21,0
DA:29,0
DA:30,0
DA:31,0
DA:33,0
DA:35,0
DA:38,0
DA:41,0
DA:44,0
DA:47,0
DA:50,0
DA:53,0
DA:56,0
DA:59,0
DA:62,0
DA:65,0
DA:73,0
DA:86,0
DA:88,0
DA:89,0
DA:92,0
DA:99,0
DA:112,0
DA:114,0
DA:115,0
DA:118,0
DA:125,0
DA:126,0
DA:133,0
DA:140,0
LF:41
LH:0
BRDA:33,0,0,0
BRDA:33,0,1,0
BRDA:33,0,2,0
BRDA:33,0,3,0
BRDA:33,0,4,0
BRDA:33,0,5,0
BRDA:33,0,6,0
BRDA:33,0,7,0
BRDA:33,0,8,0
BRDA:33,0,9,0
BRDA:33,0,10,0
BRDA:88,1,0,0
BRDA:114,2,0,0
BRF:13
BRH:0
end_of_record
TN:
SF:src\adapters\platforms\BlueskyAdapter.ts
FN:16,(anonymous_0)
FN:21,(anonymous_1)
FN:25,(anonymous_2)
FN:29,(anonymous_3)
FN:40,(anonymous_4)
FN:53,(anonymous_5)
FN:64,(anonymous_6)
FNF:7
FNH:0
FNDA:0,(anonymous_0)
FNDA:0,(anonymous_1)
FNDA:0,(anonymous_2)
FNDA:0,(anonymous_3)
FNDA:0,(anonymous_4)
FNDA:0,(anonymous_5)
FNDA:0,(anonymous_6)
DA:6,0
DA:15,0
DA:18,0
DA:22,0
DA:26,0
DA:31,0
DA:42,0
DA:55,0
DA:65,0
LF:9
LH:0
BRF:0
BRH:0
end_of_record
TN:
SF:src\adapters\platforms\FacebookErrorHandler.ts
FN:30,(anonymous_0)
FN:103,(anonymous_1)
FNF:2
FNH:0
FNDA:0,(anonymous_0)
FNDA:0,(anonymous_1)
DA:13,0
DA:24,0
DA:31,0
DA:32,0
DA:33,0
DA:35,0
DA:42,0
DA:43,0
DA:51,0
DA:52,0
DA:53,0
DA:62,0
DA:63,0
DA:71,0
DA:72,0
DA:80,0
DA:81,0
DA:89,0
DA:104,0
DA:106,0
DA:107,0
DA:108,0
DA:111,0
DA:115,0
DA:116,0
DA:117,0
DA:119,0
DA:122,0
DA:128,0
LF:29
LH:0
BRDA:32,0,0,0
BRDA:32,0,1,0
BRDA:42,1,0,0
BRDA:51,2,0,0
BRDA:62,3,0,0
BRDA:71,4,0,0
BRDA:71,5,0,0
BRDA:71,5,1,0
BRDA:80,6,0,0
BRDA:107,7,0,0
BRDA:116,8,0,0
BRF:11
BRH:0
end_of_record
TN:
SF:src\adapters\platforms\FacebookPlatformAdapter.ts
FN:16,(anonymous_0)
FN:20,(anonymous_1)
FN:33,(anonymous_2)
FN:44,(anonymous_3)
FN:55,(anonymous_4)
FN:68,(anonymous_5)
FN:79,(anonymous_6)
FNF:7
FNH:0
FNDA:0,(anonymous_0)
FNDA:0,(anonymous_1)
FNDA:0,(anonymous_2)
FNDA:0,(anonymous_3)
FNDA:0,(anonymous_4)
FNDA:0,(anonymous_5)
FNDA:0,(anonymous_6)
DA:6,0
DA:15,0
DA:17,0
DA:21,0
DA:28,0
DA:35,0
DA:46,0
DA:57,0
DA:70,0
DA:80,0
LF:10
LH:0
BRDA:25,0,0,0
BRDA:25,0,1,0
BRF:2
BRH:0
end_of_record
TN:
SF:src\adapters\platforms\GoogleBusinessAdapter.ts
FN:16,(anonymous_0)
FN:22,(anonymous_1)
FN:33,(anonymous_2)
FN:42,(anonymous_3)
FN:47,(anonymous_4)
FN:52,(anonymous_5)
FN:63,(anonymous_6)
FNF:7
FNH:0
FNDA:0,(anonymous_0)
FNDA:0,(anonymous_1)
FNDA:0,(anonymous_2)
FNDA:0,(anonymous_3)
FNDA:0,(anonymous_4)
FNDA:0,(anonymous_5)
FNDA:0,(anonymous_6)
DA:15,0
DA:17,0
DA:18,0
DA:19,0
DA:28,0
DA:39,0
DA:44,0
DA:49,0
DA:54,0
DA:64,0
LF:10
LH:0
BRF:0
BRH:0
end_of_record
TN:
SF:src\adapters\platforms\InstagramErrorHandler.ts
FNF:0
FNH:0
DA:8,0
DA:10,0
LF:2
LH:0
BRF:0
BRH:0
end_of_record
TN:
SF:src\adapters\platforms\InstagramPlatformAdapter.ts
FN:16,(anonymous_0)
FN:20,(anonymous_1)
FN:34,(anonymous_2)
FN:45,(anonymous_3)
FN:56,(anonymous_4)
FN:69,(anonymous_5)
FN:80,(anonymous_6)
FNF:7
FNH:0
FNDA:0,(anonymous_0)
FNDA:0,(anonymous_1)
FNDA:0,(anonymous_2)
FNDA:0,(anonymous_3)
FNDA:0,(anonymous_4)
FNDA:0,(anonymous_5)
FNDA:0,(anonymous_6)
DA:6,0
DA:15,0
DA:17,0
DA:21,0
DA:29,0
DA:36,0
DA:47,0
DA:58,0
DA:71,0
DA:81,0
LF:10
LH:0
BRDA:25,0,0,0
BRDA:25,0,1,0
BRF:2
BRH:0
end_of_record
TN:
SF:src\adapters\platforms\LinkedInErrorHandler.ts
FN:29,(anonymous_0)
FN:102,(anonymous_1)
FNF:2
FNH:0
FNDA:0,(anonymous_0)
FNDA:0,(anonymous_1)
DA:12,0
DA:23,0
DA:30,0
DA:31,0
DA:32,0
DA:34,0
DA:41,0
DA:42,0
DA:50,0
DA:51,0
DA:52,0
DA:61,0
DA:62,0
DA:70,0
DA:71,0
DA:79,0
DA:80,0
DA:88,0
DA:103,0
DA:104,0
DA:105,0
DA:106,0
DA:107,0
DA:108,0
DA:111,0
DA:114,0
DA:120,0
LF:27
LH:0
BRDA:41,0,0,0
BRDA:50,1,0,0
BRDA:61,2,0,0
BRDA:70,3,0,0
BRDA:70,4,0,0
BRDA:70,4,1,0
BRDA:79,5,0,0
BRDA:91,6,0,0
BRDA:91,6,1,0
BRDA:91,6,2,0
BRDA:105,7,0,0
BRDA:111,8,0,0
BRDA:111,8,1,0
BRF:13
BRH:0
end_of_record
TN:
SF:src\adapters\platforms\LinkedInPlatformAdapter.ts
FN:16,(anonymous_0)
FN:20,(anonymous_1)
FN:34,(anonymous_2)
FN:45,(anonymous_3)
FN:56,(anonymous_4)
FN:69,(anonymous_5)
FN:80,(anonymous_6)
FNF:7
FNH:0
FNDA:0,(anonymous_0)
FNDA:0,(anonymous_1)
FNDA:0,(anonymous_2)
FNDA:0,(anonymous_3)
FNDA:0,(anonymous_4)
FNDA:0,(anonymous_5)
FNDA:0,(anonymous_6)
DA:6,0
DA:15,0
DA:17,0
DA:21,0
DA:29,0
DA:36,0
DA:47,0
DA:58,0
DA:71,0
DA:81,0
LF:10
LH:0
BRDA:26,0,0,0
BRDA:26,0,1,0
BRF:2
BRH:0
end_of_record
TN:
SF:src\adapters\platforms\PinterestAdapter.ts
FN:16,(anonymous_0)
FN:21,(anonymous_1)
FN:25,(anonymous_2)
FN:44,(anonymous_3)
FN:48,(anonymous_4)
FN:80,(anonymous_5)
FN:84,(anonymous_6)
FN:88,(anonymous_7)
FN:92,(anonymous_8)
FN:97,(anonymous_9)
FN:101,(anonymous_10)
FN:105,(anonymous_11)
FN:109,(anonymous_12)
FN:113,(anonymous_13)
FN:118,(anonymous_14)
FN:123,(anonymous_15)
FNF:16
FNH:0
FNDA:0,(anonymous_0)
FNDA:0,(anonymous_1)
FNDA:0,(anonymous_2)
FNDA:0,(anonymous_3)
FNDA:0,(anonymous_4)
FNDA:0,(anonymous_5)
FNDA:0,(anonymous_6)
FNDA:0,(anonymous_7)
FNDA:0,(anonymous_8)
FNDA:0,(anonymous_9)
FNDA:0,(anonymous_10)
FNDA:0,(anonymous_11)
FNDA:0,(anonymous_12)
FNDA:0,(anonymous_13)
FNDA:0,(anonymous_14)
FNDA:0,(anonymous_15)
DA:7,0
DA:8,0
DA:12,0
DA:17,0
DA:18,0
DA:22,0
DA:26,0
DA:45,0
DA:49,0
DA:52,0
DA:53,0
DA:57,0
DA:58,0
DA:62,0
DA:63,0
DA:64,0
DA:68,0
DA:69,0
DA:70,0
DA:73,0
DA:81,0
DA:85,0
DA:89,0
DA:93,0
DA:98,0
DA:102,0
DA:106,0
DA:110,0
DA:114,0
DA:119,0
DA:120,0
DA:124,0
DA:125,0
DA:126,0
DA:128,0
LF:35
LH:0
BRDA:52,0,0,0
BRDA:52,1,0,0
BRDA:52,1,1,0
BRDA:57,2,0,0
BRDA:57,3,0,0
BRDA:57,3,1,0
BRDA:63,4,0,0
BRDA:63,5,0,0
BRDA:63,5,1,0
BRDA:69,6,0,0
BRDA:69,7,0,0
BRDA:69,7,1,0
BRDA:120,8,0,0
BRDA:120,8,1,0
BRDA:125,9,0,0
BRF:15
BRH:0
end_of_record
TN:
SF:src\adapters\platforms\ThreadsAdapter.ts
FN:16,(anonymous_0)
FN:20,(anonymous_1)
FN:34,(anonymous_2)
FN:45,(anonymous_3)
FN:56,(anonymous_4)
FN:69,(anonymous_5)
FN:80,(anonymous_6)
FNF:7
FNH:0
FNDA:0,(anonymous_0)
FNDA:0,(anonymous_1)
FNDA:0,(anonymous_2)
FNDA:0,(anonymous_3)
FNDA:0,(anonymous_4)
FNDA:0,(anonymous_5)
FNDA:0,(anonymous_6)
DA:6,0
DA:15,0
DA:17,0
DA:21,0
DA:29,0
DA:36,0
DA:47,0
DA:58,0
DA:71,0
DA:81,0
LF:10
LH:0
BRDA:25,0,0,0
BRDA:25,0,1,0
BRF:2
BRH:0
end_of_record
TN:
SF:src\adapters\platforms\TikTokErrorHandler.ts
FN:29,(anonymous_0)
FN:102,(anonymous_1)
FNF:2
FNH:0
FNDA:0,(anonymous_0)
FNDA:0,(anonymous_1)
DA:12,0
DA:23,0
DA:30,0
DA:31,0
DA:32,0
DA:34,0
DA:41,0
DA:42,0
DA:50,0
DA:51,0
DA:52,0
DA:61,0
DA:62,0
DA:70,0
DA:71,0
DA:79,0
DA:80,0
DA:88,0
DA:103,0
DA:104,0
DA:105,0
DA:106,0
DA:107,0
DA:108,0
DA:111,0
DA:114,0
DA:120,0
LF:27
LH:0
BRDA:32,0,0,0
BRDA:32,0,1,0
BRDA:41,1,0,0
BRDA:41,2,0,0
BRDA:41,2,1,0
BRDA:50,3,0,0
BRDA:61,4,0,0
BRDA:70,5,0,0
BRDA:70,6,0,0
BRDA:70,6,1,0
BRDA:79,7,0,0
BRDA:91,8,0,0
BRDA:91,8,1,0
BRDA:105,9,0,0
BRDA:111,10,0,0
BRDA:111,10,1,0
BRF:16
BRH:0
end_of_record
TN:
SF:src\adapters\platforms\TwitterErrorHandler.ts
FN:30,(anonymous_0)
FN:105,(anonymous_1)
FNF:2
FNH:0
FNDA:0,(anonymous_0)
FNDA:0,(anonymous_1)
DA:13,0
DA:24,0
DA:31,0
DA:32,0
DA:33,0
DA:34,0
DA:36,0
DA:44,0
DA:45,0
DA:46,0
DA:55,0
DA:56,0
DA:64,0
DA:65,0
DA:73,0
DA:74,0
DA:82,0
DA:83,0
DA:91,0
DA:106,0
DA:107,0
DA:108,0
DA:109,0
DA:110,0
DA:111,0
DA:114,0
DA:117,0
DA:123,0
LF:28
LH:0
BRDA:44,0,0,0
BRDA:55,1,0,0
BRDA:55,2,0,0
BRDA:55,2,1,0
BRDA:64,3,0,0
BRDA:64,4,0,0
BRDA:64,4,1,0
BRDA:73,5,0,0
BRDA:73,6,0,0
BRDA:73,6,1,0
BRDA:82,7,0,0
BRDA:94,8,0,0
BRDA:94,8,1,0
BRDA:94,8,2,0
BRDA:108,9,0,0
BRDA:114,10,0,0
BRDA:114,10,1,0
BRF:17
BRH:0
end_of_record
TN:
SF:src\adapters\platforms\TwitterPlatformAdapter.ts
FN:20,(anonymous_0)
FN:27,(anonymous_1)
FN:31,(anonymous_2)
FN:42,(anonymous_3)
FN:53,(anonymous_4)
FN:66,(anonymous_5)
FN:77,(anonymous_6)
FNF:7
FNH:0
FNDA:0,(anonymous_0)
FNDA:0,(anonymous_1)
FNDA:0,(anonymous_2)
FNDA:0,(anonymous_3)
FNDA:0,(anonymous_4)
FNDA:0,(anonymous_5)
FNDA:0,(anonymous_6)
DA:6,0
DA:19,0
DA:21,0
DA:28,0
DA:33,0
DA:44,0
DA:55,0
DA:68,0
DA:78,0
LF:9
LH:0
BRF:0
BRH:0
end_of_record
TN:
SF:src\adapters\platforms\YouTubeAdapter.ts
FN:15,(anonymous_0)
FN:20,(anonymous_1)
FN:24,(anonymous_2)
FN:28,(anonymous_3)
FN:32,(anonymous_4)
FN:36,(anonymous_5)
FN:40,(anonymous_6)
FN:44,(anonymous_7)
FN:59,(anonymous_8)
FN:63,(anonymous_9)
FN:72,(anonymous_10)
FN:93,(anonymous_11)
FN:95,(anonymous_12)
FNF:13
FNH:0
FNDA:0,(anonymous_0)
FNDA:0,(anonymous_1)
FNDA:0,(anonymous_2)
FNDA:0,(anonymous_3)
FNDA:0,(anonymous_4)
FNDA:0,(anonymous_5)
FNDA:0,(anonymous_6)
FNDA:0,(anonymous_7)
FNDA:0,(anonymous_8)
FNDA:0,(anonymous_9)
FNDA:0,(anonymous_10)
FNDA:0,(anonymous_11)
FNDA:0,(anonymous_12)
DA:6,0
DA:8,0
DA:12,0
DA:16,0
DA:17,0
DA:21,0
DA:25,0
DA:29,0
DA:33,0
DA:37,0
DA:41,0
DA:45,0
DA:60,0
DA:64,0
DA:67,0
DA:68,0
DA:72,0
DA:73,0
DA:77,0
DA:78,0
DA:82,0
DA:87,0
DA:94,0
DA:95,0
LF:24
LH:0
BRDA:67,0,0,0
BRDA:67,1,0,0
BRDA:67,1,1,0
BRDA:72,2,0,0
BRDA:72,3,0,0
BRDA:72,3,1,0
BRDA:77,4,0,0
BRDA:77,5,0,0
BRDA:77,5,1,0
BRDA:82,6,0,0
BRF:10
BRH:0
end_of_record
TN:
SF:src\ai\ai.module.ts
FN:30,(anonymous_4)
FN:43,(anonymous_5)
FN:47,(anonymous_6)
FN:51,(anonymous_7)
FN:59,getAIModule
FN:66,resetAIModule
FNF:6
FNH:0
FNDA:0,(anonymous_4)
FNDA:0,(anonymous_5)
FNDA:0,(anonymous_6)
FNDA:0,(anonymous_7)
FNDA:0,getAIModule
FNDA:0,resetAIModule
DA:6,1
DA:7,1
DA:8,1
DA:9,1
DA:10,1
DA:11,1
DA:12,1
DA:13,1
DA:14,1
DA:15,1
DA:18,1
DA:31,0
DA:32,0
DA:33,0
DA:34,0
DA:35,0
DA:36,0
DA:37,0
DA:38,0
DA:39,0
DA:40,0
DA:44,0
DA:48,0
DA:52,0
DA:57,1
DA:59,1
DA:60,0
DA:61,0
DA:63,0
DA:66,1
DA:67,0
DA:71,1
DA:72,1
DA:73,1
DA:74,1
DA:75,1
DA:76,1
DA:77,1
DA:78,1
DA:79,1
DA:80,1
DA:81,1
DA:82,1
DA:83,1
DA:84,1
LF:45
LH:28
BRDA:60,0,0,0
BRF:1
BRH:0
end_of_record
TN:
SF:src\ai\prompts\brand-voice.prompt.ts
FN:8,buildBrandVoicePrompt
FN:14,(anonymous_1)
FNF:2
FNH:0
FNDA:0,buildBrandVoicePrompt
FNDA:0,(anonymous_1)
DA:8,0
DA:9,0
DA:11,0
DA:14,0
DA:38,0
DA:39,0
DA:42,0
DA:43,0
DA:46,0
DA:47,0
DA:50,0
DA:52,0
LF:12
LH:0
BRDA:38,0,0,0
BRDA:42,1,0,0
BRDA:46,2,0,0
BRDA:46,3,0,0
BRDA:46,3,1,0
BRF:5
BRH:0
end_of_record
TN:
SF:src\ai\prompts\caption.prompt.ts
FN:37,buildCaptionPrompt
FNF:1
FNH:0
FNDA:0,buildCaptionPrompt
DA:6,1
DA:8,1
DA:18,1
DA:24,1
DA:37,1
DA:38,0
DA:40,0
DA:41,0
DA:42,0
DA:44,0
DA:56,0
DA:57,0
DA:60,0
DA:61,0
DA:64,0
DA:66,0
LF:16
LH:5
BRDA:56,0,0,0
BRDA:56,1,0,0
BRDA:56,1,1,0
BRDA:60,2,0,0
BRF:4
BRH:0
end_of_record
TN:
SF:src\ai\prompts\hashtag.prompt.ts
FN:20,buildHashtagPrompt
FN:48,getDefaultHashtagCount
FNF:2
FNH:0
FNDA:0,buildHashtagPrompt
FNDA:0,getDefaultHashtagCount
DA:5,1
DA:7,1
DA:20,1
DA:21,0
DA:23,0
DA:24,0
DA:26,0
DA:38,0
DA:39,0
DA:42,0
DA:45,0
DA:49,0
DA:51,0
DA:53,0
DA:55,0
DA:57,0
DA:59,0
DA:61,0
DA:63,0
DA:65,0
DA:67,0
DA:69,0
DA:71,0
LF:23
LH:3
BRDA:24,0,0,0
BRDA:24,0,1,0
BRDA:38,1,0,0
BRDA:49,2,0,0
BRDA:49,2,1,0
BRDA:49,2,2,0
BRDA:49,2,3,0
BRDA:49,2,4,0
BRDA:49,2,5,0
BRDA:49,2,6,0
BRDA:49,2,7,0
BRDA:49,2,8,0
BRDA:49,2,9,0
BRDA:49,2,10,0
BRF:14
BRH:0
end_of_record
TN:
SF:src\ai\prompts\image-caption.prompt.ts
FN:37,buildImageCaptionPrompt
FNF:1
FNH:0
FNDA:0,buildImageCaptionPrompt
DA:6,0
DA:8,0
DA:18,0
DA:24,0
DA:37,0
DA:38,0
DA:40,0
DA:41,0
DA:42,0
DA:44,0
DA:55,0
DA:56,0
DA:59,0
DA:60,0
DA:63,0
DA:65,0
LF:16
LH:0
BRDA:55,0,0,0
BRDA:55,1,0,0
BRDA:55,1,1,0
BRDA:59,2,0,0
BRF:4
BRH:0
end_of_record
TN:
SF:src\ai\prompts\moderation.prompt.ts
FN:5,buildModerationPrompt
FNF:1
FNH:0
FNDA:0,buildModerationPrompt
DA:5,0
DA:10,0
DA:11,0
DA:13,0
DA:14,0
DA:17,0
DA:18,0
DA:19,0
DA:20,0
DA:21,0
DA:22,0
DA:23,0
DA:25,0
LF:13
LH:0
BRDA:13,0,0,0
BRF:1
BRH:0
end_of_record
TN:
SF:src\ai\prompts\reply.prompt.ts
FN:5,buildReplyPrompt
FN:25,buildSentimentAwareReplyPrompt
FNF:2
FNH:0
FNDA:0,buildReplyPrompt
FNDA:0,buildSentimentAwareReplyPrompt
DA:5,0
DA:11,0
DA:12,0
DA:14,0
DA:15,0
DA:18,0
DA:19,0
DA:20,0
DA:22,0
DA:25,0
DA:30,0
DA:31,0
DA:32,0
DA:34,0
DA:35,0
DA:36,0
DA:37,0
DA:40,0
DA:42,0
LF:19
LH:0
BRDA:14,0,0,0
BRDA:34,1,0,0
BRDA:34,1,1,0
BRDA:36,2,0,0
BRF:4
BRH:0
end_of_record
TN:
SF:src\ai\prompts\repurposing.prompt.ts
FN:5,buildRepurposingPrompt
FNF:1
FNH:0
FNDA:0,buildRepurposingPrompt
DA:5,0
DA:10,0
DA:11,0
DA:13,0
DA:14,0
DA:17,0
DA:18,0
DA:19,0
DA:21,0
LF:9
LH:0
BRDA:13,0,0,0
BRF:1
BRH:0
end_of_record
TN:
SF:src\ai\prompts\rewrite.prompt.ts
FN:17,buildRewritePrompt
FN:46,buildImprovePrompt
FN:66,buildShortenPrompt
FN:80,buildExpandPrompt
FNF:4
FNH:0
FNDA:0,buildRewritePrompt
FNDA:0,buildImprovePrompt
FNDA:0,buildShortenPrompt
FNDA:0,buildExpandPrompt
DA:5,1
DA:7,1
DA:17,1
DA:18,0
DA:20,0
DA:26,0
DA:27,0
DA:30,0
DA:31,0
DA:34,0
DA:43,0
DA:46,1
DA:47,0
DA:57,0
DA:58,0
DA:61,0
DA:63,0
DA:66,1
DA:67,0
DA:80,1
DA:81,0
LF:21
LH:6
BRDA:26,0,0,0
BRDA:30,1,0,0
BRDA:57,2,0,0
BRF:3
BRH:0
end_of_record
TN:
SF:src\ai\prompts\suggestion.prompt.ts
FN:7,buildSuggestionPrompt
FN:24,buildCTAPrompt
FN:46,buildHookPrompt
FN:68,buildTimingPrompt
FN:88,buildStylePrompt
FN:111,buildGeneralSuggestionPrompt
FNF:6
FNH:0
FNDA:0,buildSuggestionPrompt
FNDA:0,buildCTAPrompt
FNDA:0,buildHookPrompt
FNDA:0,buildTimingPrompt
FNDA:0,buildStylePrompt
FNDA:0,buildGeneralSuggestionPrompt
DA:7,1
DA:8,0
DA:10,0
DA:12,0
DA:14,0
DA:16,0
DA:18,0
DA:20,0
DA:25,0
DA:27,0
DA:28,0
DA:31,0
DA:32,0
DA:35,0
DA:43,0
DA:47,0
DA:49,0
DA:50,0
DA:53,0
DA:54,0
DA:57,0
DA:65,0
DA:69,0
DA:71,0
DA:72,0
DA:75,0
DA:85,0
DA:89,0
DA:91,0
DA:92,0
DA:95,0
DA:96,0
DA:99,0
DA:108,0
DA:112,0
DA:114,0
DA:115,0
DA:118,0
DA:119,0
DA:122,0
DA:131,0
LF:41
LH:1
BRDA:10,0,0,0
BRDA:10,0,1,0
BRDA:10,0,2,0
BRDA:10,0,3,0
BRDA:10,0,4,0
BRDA:27,1,0,0
BRDA:31,2,0,0
BRDA:49,3,0,0
BRDA:53,4,0,0
BRDA:71,5,0,0
BRDA:91,6,0,0
BRDA:95,7,0,0
BRDA:114,8,0,0
BRDA:118,9,0,0
BRF:14
BRH:0
end_of_record
TN:
SF:src\ai\prompts\template.prompt.ts
FN:43,buildTemplatePrompt
FNF:1
FNH:0
FNDA:0,buildTemplatePrompt
DA:6,0
DA:8,0
DA:26,0
DA:34,0
DA:43,0
DA:44,0
DA:46,0
DA:47,0
DA:48,0
DA:50,0
DA:81,0
LF:11
LH:0
BRDA:46,0,0,0
BRDA:46,0,1,0
BRDA:48,1,0,0
BRDA:48,1,1,0
BRF:4
BRH:0
end_of_record
TN:
SF:src\ai\prompts\translation.prompt.ts
FN:14,buildTranslationPrompt
FNF:1
FNH:1
FNDA:2,buildTranslationPrompt
DA:14,1
DA:15,2
DA:19,2
DA:23,2
DA:27,2
DA:31,2
LF:6
LH:6
BRDA:15,0,0,1
BRDA:15,0,1,1
BRDA:19,1,0,0
BRDA:19,1,1,2
BRDA:23,2,0,0
BRDA:23,2,1,2
BRDA:27,3,0,0
BRDA:27,3,1,2
BRF:8
BRH:5
end_of_record
TN:
SF:src\ai\providers\anthropic.provider.ts
FN:13,(anonymous_0)
FN:23,(anonymous_1)
FN:36,(anonymous_2)
FN:41,(anonymous_3)
FN:45,(anonymous_4)
FNF:5
FNH:0
FNDA:0,(anonymous_0)
FNDA:0,(anonymous_1)
FNDA:0,(anonymous_2)
FNDA:0,(anonymous_3)
FNDA:0,(anonymous_4)
DA:6,1
DA:7,1
DA:8,1
DA:10,1
DA:14,0
DA:16,0
DA:17,0
DA:20,0
DA:24,0
DA:27,0
DA:29,0
DA:31,0
DA:32,0
DA:38,0
DA:42,0
DA:46,0
LF:16
LH:4
BRDA:16,0,0,0
BRDA:20,1,0,0
BRDA:20,1,1,0
BRF:3
BRH:0
end_of_record
TN:
SF:src\ai\providers\base.provider.ts
FN:11,(anonymous_0)
FN:20,(anonymous_1)
FN:24,(anonymous_2)
FN:28,(anonymous_3)
FNF:4
FNH:0
FNDA:0,(anonymous_0)
FNDA:0,(anonymous_1)
FNDA:0,(anonymous_2)
FNDA:0,(anonymous_3)
DA:8,1
DA:12,0
DA:21,0
DA:25,0
DA:29,0
LF:5
LH:1
BRDA:21,0,0,0
BRDA:21,0,1,0
BRDA:25,1,0,0
BRDA:25,1,1,0
BRDA:29,2,0,0
BRDA:29,2,1,0
BRF:6
BRH:0
end_of_record
TN:
SF:src\ai\providers\index.ts
FN:13,(anonymous_4)
FNF:1
FNH:0
FNDA:0,(anonymous_4)
DA:6,1
DA:7,1
DA:8,1
DA:9,1
DA:10,1
DA:12,1
DA:14,0
DA:16,0
DA:18,0
DA:28,0
DA:38,0
DA:42,0
DA:47,1
DA:48,1
DA:49,1
DA:50,1
LF:16
LH:10
BRDA:14,0,0,0
BRDA:14,0,1,0
BRDA:16,1,0,0
BRDA:16,1,1,0
BRDA:16,1,2,0
BRDA:16,1,3,0
BRDA:20,2,0,0
BRDA:20,2,1,0
BRDA:21,3,0,0
BRDA:21,3,1,0
BRDA:22,4,0,0
BRDA:22,4,1,0
BRDA:23,5,0,0
BRDA:23,5,1,0
BRDA:24,6,0,0
BRDA:24,6,1,0
BRDA:30,7,0,0
BRDA:30,7,1,0
BRDA:32,8,0,0
BRDA:32,8,1,0
BRDA:33,9,0,0
BRDA:33,9,1,0
BRDA:34,10,0,0
BRDA:34,10,1,0
BRF:24
BRH:0
end_of_record
TN:
SF:src\ai\providers\mock.provider.ts
FN:10,(anonymous_0)
FN:14,(anonymous_1)
FN:16,(anonymous_2)
FN:38,(anonymous_3)
FN:50,(anonymous_4)
FN:62,(anonymous_5)
FN:66,(anonymous_6)
FN:76,(anonymous_7)
FN:80,(anonymous_8)
FN:84,(anonymous_9)
FNF:10
FNH:0
FNDA:0,(anonymous_0)
FNDA:0,(anonymous_1)
FNDA:0,(anonymous_2)
FNDA:0,(anonymous_3)
FNDA:0,(anonymous_4)
FNDA:0,(anonymous_5)
FNDA:0,(anonymous_6)
FNDA:0,(anonymous_7)
FNDA:0,(anonymous_8)
FNDA:0,(anonymous_9)
DA:6,1
DA:7,1
DA:9,1
DA:11,0
DA:16,0
DA:19,0
DA:20,0
DA:23,0
DA:24,0
DA:27,0
DA:28,0
DA:31,0
DA:32,0
DA:35,0
DA:39,0
DA:47,0
DA:51,0
DA:59,0
DA:63,0
DA:67,0
DA:73,0
DA:77,0
DA:81,0
DA:85,0
LF:24
LH:3
BRDA:10,0,0,0
BRDA:19,1,0,0
BRDA:19,2,0,0
BRDA:19,2,1,0
BRDA:23,3,0,0
BRDA:27,4,0,0
BRDA:27,5,0,0
BRDA:27,5,1,0
BRDA:31,6,0,0
BRDA:31,7,0,0
BRDA:31,7,1,0
BRF:11
BRH:0
end_of_record
TN:
SF:src\ai\providers\openai.provider.ts
FN:15,(anonymous_1)
FN:30,(anonymous_2)
FN:62,(anonymous_3)
FN:106,(anonymous_4)
FN:112,(anonymous_5)
FN:116,(anonymous_6)
FNF:6
FNH:0
FNDA:0,(anonymous_1)
FNDA:0,(anonymous_2)
FNDA:0,(anonymous_3)
FNDA:0,(anonymous_4)
FNDA:0,(anonymous_5)
FNDA:0,(anonymous_6)
DA:6,1
DA:7,1
DA:8,1
DA:9,1
DA:11,1
DA:16,0
DA:18,0
DA:19,0
DA:22,0
DA:27,0
DA:31,0
DA:32,0
DA:49,0
DA:51,0
DA:52,0
DA:55,0
DA:57,0
DA:58,0
DA:63,0
DA:64,0
DA:93,0
DA:95,0
DA:96,0
DA:99,0
DA:101,0
DA:102,0
DA:109,0
DA:113,0
DA:117,0
LF:29
LH:5
BRDA:18,0,0,0
BRDA:27,1,0,0
BRDA:27,1,1,0
BRDA:44,2,0,0
BRDA:44,2,1,0
BRDA:45,3,0,0
BRDA:45,3,1,0
BRDA:51,4,0,0
BRDA:82,5,0,0
BRDA:82,5,1,0
BRDA:88,6,0,0
BRDA:88,6,1,0
BRDA:89,7,0,0
BRDA:89,7,1,0
BRDA:95,8,0,0
BRF:15
BRH:0
end_of_record
TN:
SF:src\ai\services\brand-voice.service.ts
FN:12,(anonymous_0)
FN:14,(anonymous_1)
FN:42,(anonymous_2)
FN:63,(anonymous_3)
FN:68,(anonymous_4)
FN:73,(anonymous_5)
FN:76,(anonymous_6)
FN:81,(anonymous_7)
FN:84,(anonymous_8)
FNF:9
FNH:0
FNDA:0,(anonymous_0)
FNDA:0,(anonymous_1)
FNDA:0,(anonymous_2)
FNDA:0,(anonymous_3)
FNDA:0,(anonymous_4)
FNDA:0,(anonymous_5)
FNDA:0,(anonymous_6)
FNDA:0,(anonymous_7)
FNDA:0,(anonymous_8)
DA:8,0
DA:9,0
DA:11,0
DA:12,0
DA:15,0
DA:16,0
DA:18,0
DA:24,0
DA:25,0
DA:28,0
DA:30,0
DA:37,0
DA:38,0
DA:43,0
DA:45,0
DA:46,0
DA:54,0
DA:64,0
DA:65,0
DA:69,0
DA:70,0
DA:74,0
DA:75,0
DA:76,0
DA:78,0
DA:82,0
DA:83,0
DA:84,0
DA:86,0
LF:29
LH:0
BRDA:47,0,0,0
BRDA:47,0,1,0
BRDA:48,1,0,0
BRDA:48,1,1,0
BRDA:49,2,0,0
BRDA:49,2,1,0
BRDA:50,3,0,0
BRDA:50,3,1,0
BRDA:65,4,0,0
BRDA:65,4,1,0
BRDA:70,5,0,0
BRDA:70,5,1,0
BRDA:75,6,0,0
BRDA:83,7,0,0
BRF:14
BRH:0
end_of_record
TN:
SF:src\ai\services\caption-scoring.service.ts
FN:35,(anonymous_0)
FN:78,(anonymous_1)
FN:94,(anonymous_2)
FN:95,(anonymous_3)
FN:96,(anonymous_4)
FN:112,(anonymous_5)
FN:139,(anonymous_6)
FN:140,(anonymous_7)
FN:168,(anonymous_8)
FN:194,(anonymous_9)
FN:205,(anonymous_10)
FN:227,(anonymous_11)
FNF:12
FNH:0
FNDA:0,(anonymous_0)
FNDA:0,(anonymous_1)
FNDA:0,(anonymous_2)
FNDA:0,(anonymous_3)
FNDA:0,(anonymous_4)
FNDA:0,(anonymous_5)
FNDA:0,(anonymous_6)
FNDA:0,(anonymous_7)
FNDA:0,(anonymous_8)
FNDA:0,(anonymous_9)
FNDA:0,(anonymous_10)
FNDA:0,(anonymous_11)
DA:9,1
DA:31,1
DA:38,0
DA:39,0
DA:45,0
DA:54,0
DA:62,0
DA:64,0
DA:70,0
DA:71,0
DA:79,0
DA:85,0
DA:90,0
DA:91,0
DA:92,0
DA:94,0
DA:95,0
DA:96,0
DA:100,0
DA:101,0
DA:102,0
DA:103,0
DA:106,0
DA:113,0
DA:115,0
DA:122,0
DA:124,0
DA:125,0
DA:126,0
DA:127,0
DA:128,0
DA:130,0
DA:131,0
DA:132,0
DA:140,0
DA:141,0
DA:142,0
DA:145,0
DA:147,0
DA:148,0
DA:149,0
DA:150,0
DA:152,0
DA:153,0
DA:157,0
DA:158,0
DA:159,0
DA:162,0
DA:169,0
DA:171,0
DA:178,0
DA:179,0
DA:181,0
DA:183,0
DA:184,0
DA:185,0
DA:186,0
DA:188,0
DA:189,0
DA:190,0
DA:194,0
DA:195,0
DA:196,0
DA:199,0
DA:206,0
DA:207,0
DA:210,0
DA:213,0
DA:214,0
DA:215,0
DA:217,0
DA:220,0
DA:231,0
DA:233,0
DA:234,0
DA:237,0
DA:238,0
DA:244,0
DA:246,0
DA:247,0
DA:249,0
DA:253,0
DA:254,0
DA:257,0
DA:258,0
DA:264,0
DA:266,0
DA:267,0
DA:269,0
DA:273,0
DA:274,0
DA:277,0
DA:278,0
DA:281,0
LF:94
LH:2
BRDA:49,0,0,0
BRDA:49,0,1,0
BRDA:95,1,0,0
BRDA:96,2,0,0
BRDA:100,3,0,0
BRDA:100,3,1,0
BRDA:102,4,0,0
BRDA:122,5,0,0
BRDA:122,5,1,0
BRDA:124,6,0,0
BRDA:124,6,1,0
BRDA:124,7,0,0
BRDA:124,7,1,0
BRDA:126,8,0,0
BRDA:126,8,1,0
BRDA:147,9,0,0
BRDA:147,9,1,0
BRDA:147,10,0,0
BRDA:147,10,1,0
BRDA:149,11,0,0
BRDA:149,11,1,0
BRDA:158,12,0,0
BRDA:169,13,0,0
BRDA:178,14,0,0
BRDA:178,14,1,0
BRDA:183,15,0,0
BRDA:183,15,1,0
BRDA:183,16,0,0
BRDA:183,16,1,0
BRDA:185,17,0,0
BRDA:185,17,1,0
BRDA:195,18,0,0
BRDA:213,19,0,0
BRDA:213,19,1,0
BRDA:213,20,0,0
BRDA:213,20,1,0
BRDA:215,21,0,0
BRDA:215,21,1,0
BRDA:233,22,0,0
BRDA:237,23,0,0
BRDA:244,24,0,0
BRDA:244,24,1,0
BRDA:246,25,0,0
BRDA:246,25,1,0
BRDA:253,26,0,0
BRDA:257,27,0,0
BRDA:264,28,0,0
BRDA:264,28,1,0
BRDA:266,29,0,0
BRDA:266,29,1,0
BRDA:266,30,0,0
BRDA:266,30,1,0
BRDA:273,31,0,0
BRDA:277,32,0,0
BRF:54
BRH:0
end_of_record
TN:
SF:src\ai\services\caption.service.ts
FN:11,(anonymous_0)
FN:13,(anonymous_1)
FN:38,(anonymous_2)
FNF:3
FNH:0
FNDA:0,(anonymous_0)
FNDA:0,(anonymous_1)
FNDA:0,(anonymous_2)
DA:7,1
DA:8,1
DA:10,1
DA:11,0
DA:14,0
DA:15,0
DA:17,0
DA:23,0
DA:24,0
DA:26,0
DA:33,0
DA:34,0
DA:42,0
DA:44,0
DA:45,0
DA:46,0
DA:47,0
DA:49,0
DA:54,0
LF:19
LH:3
BRDA:40,0,0,0
BRF:1
BRH:0
end_of_record
TN:
SF:src\ai\services\cta-generator.service.ts
FN:25,(anonymous_0)
FN:27,(anonymous_1)
FN:55,(anonymous_2)
FN:82,(anonymous_3)
FN:85,(anonymous_4)
FN:86,(anonymous_5)
FNF:6
FNH:0
FNDA:0,(anonymous_0)
FNDA:0,(anonymous_1)
FNDA:0,(anonymous_2)
FNDA:0,(anonymous_3)
FNDA:0,(anonymous_4)
FNDA:0,(anonymous_5)
DA:8,0
DA:24,0
DA:25,0
DA:28,0
DA:29,0
DA:31,0
DA:37,0
DA:38,0
DA:41,0
DA:43,0
DA:50,0
DA:51,0
DA:56,0
DA:58,0
DA:73,0
DA:74,0
DA:77,0
DA:79,0
DA:83,0
DA:85,0
DA:86,0
LF:21
LH:0
BRDA:73,0,0,0
BRDA:86,1,0,0
BRDA:86,1,1,0
BRDA:86,1,2,0
BRF:4
BRH:0
end_of_record
TN:
SF:src\ai\services\emoji-suggestion.service.ts
FN:29,(anonymous_0)
FN:31,(anonymous_1)
FN:59,(anonymous_2)
FN:93,(anonymous_3)
FN:99,(anonymous_4)
FNF:5
FNH:0
FNDA:0,(anonymous_0)
FNDA:0,(anonymous_1)
FNDA:0,(anonymous_2)
FNDA:0,(anonymous_3)
FNDA:0,(anonymous_4)
DA:8,0
DA:28,0
DA:29,0
DA:32,0
DA:33,0
DA:35,0
DA:41,0
DA:42,0
DA:45,0
DA:47,0
DA:54,0
DA:55,0
DA:60,0
DA:62,0
DA:90,0
DA:94,0
DA:95,0
DA:96,0
DA:99,0
DA:100,0
DA:102,0
DA:103,0
DA:104,0
DA:105,0
DA:113,0
LF:25
LH:0
BRDA:60,0,0,0
BRDA:96,1,0,0
BRDA:96,1,1,0
BRDA:104,2,0,0
BRF:4
BRH:0
end_of_record
TN:
SF:src\ai\services\engagement-prediction.service.ts
FN:37,(anonymous_1)
FN:96,(anonymous_2)
FN:132,(anonymous_3)
FN:135,(anonymous_4)
FN:148,(anonymous_5)
FN:159,(anonymous_6)
FN:172,(anonymous_7)
FN:182,(anonymous_8)
FN:207,(anonymous_9)
FN:227,(anonymous_10)
FN:252,(anonymous_11)
FNF:11
FNH:0
FNDA:0,(anonymous_1)
FNDA:0,(anonymous_2)
FNDA:0,(anonymous_3)
FNDA:0,(anonymous_4)
FNDA:0,(anonymous_5)
FNDA:0,(anonymous_6)
FNDA:0,(anonymous_7)
FNDA:0,(anonymous_8)
FNDA:0,(anonymous_9)
FNDA:0,(anonymous_10)
FNDA:0,(anonymous_11)
DA:8,1
DA:9,1
DA:10,1
DA:33,1
DA:40,0
DA:41,0
DA:47,0
DA:52,0
DA:54,0
DA:58,0
DA:66,0
DA:74,0
DA:79,0
DA:81,0
DA:88,0
DA:89,0
DA:100,0
DA:102,0
DA:104,0
DA:122,0
DA:124,0
DA:125,0
DA:133,0
DA:135,0
DA:136,0
DA:137,0
DA:138,0
DA:142,0
DA:152,0
DA:154,0
DA:157,0
DA:159,0
DA:160,0
DA:161,0
DA:162,0
DA:164,0
DA:165,0
DA:167,0
DA:171,0
DA:172,0
DA:173,0
DA:176,0
DA:183,0
DA:186,0
DA:193,0
DA:195,0
DA:196,0
DA:197,0
DA:198,0
DA:200,0
DA:212,0
DA:215,0
DA:221,0
DA:230,0
DA:237,0
DA:241,0
DA:256,0
DA:257,0
DA:258,0
DA:259,0
DA:260,0
DA:261,0
DA:263,0
LF:63
LH:4
BRDA:52,0,0,0
BRDA:133,1,0,0
BRDA:137,2,0,0
BRDA:137,2,1,0
BRDA:152,3,0,0
BRDA:152,4,0,0
BRDA:152,4,1,0
BRDA:162,5,0,0
BRDA:162,5,1,0
BRDA:164,6,0,0
BRDA:171,7,0,0
BRDA:193,8,0,0
BRDA:193,8,1,0
BRDA:195,9,0,0
BRDA:195,9,1,0
BRDA:195,10,0,0
BRDA:195,10,1,0
BRDA:197,11,0,0
BRDA:197,11,1,0
BRDA:212,12,0,0
BRDA:221,13,0,0
BRDA:221,13,1,0
BRDA:221,14,0,0
BRDA:221,14,1,0
BRDA:256,15,0,0
BRDA:256,15,1,0
BRDA:258,16,0,0
BRDA:258,16,1,0
BRDA:260,17,0,0
BRDA:260,17,1,0
BRF:30
BRH:0
end_of_record
TN:
SF:src\ai\services\hashtag.service.ts
FN:11,(anonymous_0)
FN:13,(anonymous_1)
FN:38,(anonymous_2)
FN:47,(anonymous_3)
FN:48,(anonymous_4)
FN:49,(anonymous_5)
FN:55,(anonymous_6)
FNF:7
FNH:0
FNDA:0,(anonymous_0)
FNDA:0,(anonymous_1)
FNDA:0,(anonymous_2)
FNDA:0,(anonymous_3)
FNDA:0,(anonymous_4)
FNDA:0,(anonymous_5)
FNDA:0,(anonymous_6)
DA:7,1
DA:8,1
DA:10,1
DA:11,0
DA:14,0
DA:15,0
DA:17,0
DA:22,0
DA:23,0
DA:24,0
DA:26,0
DA:33,0
DA:34,0
DA:40,0
DA:41,0
DA:43,0
DA:45,0
DA:47,0
DA:48,0
DA:49,0
DA:52,0
DA:56,0
DA:57,0
DA:58,0
LF:24
LH:3
BRDA:43,0,0,0
BRDA:43,1,0,0
BRDA:43,1,1,0
BRDA:48,2,0,0
BRDA:48,2,1,0
BRDA:58,3,0,0
BRDA:58,3,1,0
BRF:7
BRH:0
end_of_record
TN:
SF:src\ai\services\image-caption.service.ts
FN:12,(anonymous_0)
FN:14,(anonymous_1)
FN:44,(anonymous_2)
FNF:3
FNH:0
FNDA:0,(anonymous_0)
FNDA:0,(anonymous_1)
FNDA:0,(anonymous_2)
DA:8,0
DA:9,0
DA:11,0
DA:12,0
DA:15,0
DA:16,0
DA:17,0
DA:20,0
DA:22,0
DA:29,0
DA:30,0
DA:32,0
DA:39,0
DA:40,0
DA:48,0
DA:50,0
DA:51,0
DA:52,0
DA:53,0
DA:55,0
DA:60,0
LF:21
LH:0
BRDA:16,0,0,0
BRDA:46,1,0,0
BRF:2
BRH:0
end_of_record
TN:
SF:src\ai\services\image-gen.service.ts
FN:71,(anonymous_10)
FN:91,(anonymous_11)
FN:171,(anonymous_12)
FN:240,(anonymous_13)
FN:242,(anonymous_14)
FN:260,(anonymous_15)
FN:274,(anonymous_16)
FN:288,(anonymous_17)
FN:290,(anonymous_18)
FN:305,(anonymous_19)
FN:314,(anonymous_20)
FN:373,(anonymous_21)
FN:377,(anonymous_22)
FN:381,(anonymous_23)
FNF:14
FNH:0
FNDA:0,(anonymous_10)
FNDA:0,(anonymous_11)
FNDA:0,(anonymous_12)
FNDA:0,(anonymous_13)
FNDA:0,(anonymous_14)
FNDA:0,(anonymous_15)
FNDA:0,(anonymous_16)
FNDA:0,(anonymous_17)
FNDA:0,(anonymous_18)
FNDA:0,(anonymous_19)
FNDA:0,(anonymous_20)
FNDA:0,(anonymous_21)
FNDA:0,(anonymous_22)
FNDA:0,(anonymous_23)
DA:7,0
DA:9,0
DA:10,0
DA:11,0
DA:67,0
DA:69,0
DA:71,0
DA:75,0
DA:76,0
DA:78,0
DA:81,0
DA:92,0
DA:93,0
DA:100,0
DA:110,0
DA:111,0
DA:112,0
DA:116,0
DA:117,0
DA:134,0
DA:137,0
DA:150,0
DA:163,0
DA:164,0
DA:172,0
DA:173,0
DA:179,0
DA:180,0
DA:183,0
DA:184,0
DA:187,0
DA:188,0
DA:189,0
DA:191,0
DA:199,0
DA:200,0
DA:201,0
DA:205,0
DA:206,0
DA:220,0
DA:222,0
DA:232,0
DA:233,0
DA:241,0
DA:242,0
DA:244,0
DA:250,0
DA:252,0
DA:253,0
DA:262,0
DA:268,0
DA:276,0
DA:282,0
DA:289,0
DA:290,0
DA:292,0
DA:297,0
DA:313,0
DA:314,0
DA:316,0
DA:317,0
DA:319,0
DA:338,0
DA:339,0
DA:349,0
DA:352,0
DA:353,0
DA:354,0
DA:356,0
DA:365,0
DA:366,0
DA:374,0
DA:376,0
DA:377,0
DA:378,0
DA:381,0
DA:382,0
LF:77
LH:0
BRDA:75,0,0,0
BRDA:75,0,1,0
BRDA:75,1,0,0
BRDA:75,1,1,0
BRDA:111,2,0,0
BRDA:141,3,0,0
BRDA:141,3,1,0
BRDA:152,4,0,0
BRDA:152,4,1,0
BRDA:188,5,0,0
BRDA:188,5,1,0
BRDA:200,6,0,0
BRDA:240,7,0,0
BRDA:268,8,0,0
BRDA:268,8,1,0
BRDA:282,9,0,0
BRDA:282,9,1,0
BRDA:305,10,0,0
BRDA:338,11,0,0
BRDA:352,12,0,0
BRDA:352,12,1,0
BRDA:353,13,0,0
BRDA:353,13,1,0
BRDA:354,14,0,0
BRDA:354,14,1,0
BRDA:374,15,0,0
BRDA:378,16,0,0
BRDA:378,16,1,0
BRDA:382,17,0,0
BRDA:382,17,1,0
BRF:30
BRH:0
end_of_record
TN:
SF:src\ai\services\longform.service.ts
FN:28,(anonymous_0)
FN:33,(anonymous_1)
FN:61,(anonymous_2)
FN:91,(anonymous_3)
FNF:4
FNH:0
FNDA:0,(anonymous_0)
FNDA:0,(anonymous_1)
FNDA:0,(anonymous_2)
FNDA:0,(anonymous_3)
DA:8,1
DA:9,1
DA:27,1
DA:28,0
DA:34,0
DA:35,0
DA:41,0
DA:42,0
DA:43,0
DA:45,0
DA:53,0
DA:54,0
DA:62,0
DA:64,0
DA:65,0
DA:66,0
DA:67,0
DA:68,0
DA:69,0
DA:71,0
DA:72,0
DA:75,0
DA:76,0
DA:79,0
DA:80,0
DA:83,0
DA:85,0
DA:96,0
DA:98,0
DA:104,0
DA:110,0
DA:116,0
DA:122,0
LF:33
LH:3
BRDA:71,0,0,0
BRDA:71,1,0,0
BRDA:71,1,1,0
BRDA:75,2,0,0
BRDA:79,3,0,0
BRDA:96,4,0,0
BRDA:96,4,1,0
BRDA:96,4,2,0
BRDA:96,4,3,0
BRDA:96,4,4,0
BRF:10
BRH:0
end_of_record
TN:
SF:src\ai\services\moderation-suggestion.service.ts
FN:38,(anonymous_0)
FN:43,(anonymous_1)
FN:75,(anonymous_2)
FN:103,(anonymous_3)
FN:110,(anonymous_4)
FN:120,(anonymous_5)
FN:128,(anonymous_6)
FN:164,(anonymous_7)
FN:182,(anonymous_8)
FN:219,(anonymous_9)
FN:232,(anonymous_10)
FN:256,(anonymous_11)
FN:256,(anonymous_12)
FN:282,(anonymous_13)
FNF:14
FNH:0
FNDA:0,(anonymous_0)
FNDA:0,(anonymous_1)
FNDA:0,(anonymous_2)
FNDA:0,(anonymous_3)
FNDA:0,(anonymous_4)
FNDA:0,(anonymous_5)
FNDA:0,(anonymous_6)
FNDA:0,(anonymous_7)
FNDA:0,(anonymous_8)
FNDA:0,(anonymous_9)
FNDA:0,(anonymous_10)
FNDA:0,(anonymous_11)
FNDA:0,(anonymous_12)
FNDA:0,(anonymous_13)
DA:9,1
DA:37,1
DA:38,0
DA:44,0
DA:45,0
DA:52,0
DA:55,0
DA:56,0
DA:65,0
DA:67,0
DA:68,0
DA:76,0
DA:77,0
DA:83,0
DA:86,0
DA:92,0
DA:98,0
DA:103,0
DA:104,0
DA:105,0
DA:106,0
DA:110,0
DA:111,0
DA:112,0
DA:114,0
DA:115,0
DA:116,0
DA:120,0
DA:121,0
DA:122,0
DA:123,0
DA:127,0
DA:128,0
DA:129,0
DA:130,0
DA:131,0
DA:135,0
DA:136,0
DA:138,0
DA:139,0
DA:140,0
DA:141,0
DA:142,0
DA:143,0
DA:144,0
DA:145,0
DA:146,0
DA:147,0
DA:148,0
DA:149,0
DA:150,0
DA:153,0
DA:165,0
DA:166,0
DA:167,0
DA:169,0
DA:171,0
DA:183,0
DA:184,0
DA:186,0
DA:187,0
DA:188,0
DA:189,0
DA:191,0
DA:194,0
DA:195,0
DA:198,0
DA:199,0
DA:200,0
DA:201,0
DA:202,0
DA:203,0
DA:204,0
DA:205,0
DA:206,0
DA:207,0
DA:208,0
DA:209,0
DA:210,0
DA:211,0
DA:213,0
DA:220,0
DA:221,0
DA:222,0
DA:223,0
DA:229,0
DA:232,0
DA:233,0
DA:235,0
DA:236,0
DA:237,0
DA:238,0
DA:239,0
DA:240,0
DA:241,0
DA:242,0
DA:243,0
DA:244,0
DA:245,0
DA:246,0
DA:247,0
DA:248,0
DA:249,0
DA:250,0
DA:251,0
DA:252,0
DA:253,0
DA:254,0
DA:255,0
DA:256,0
DA:258,0
DA:259,0
DA:260,0
DA:261,0
DA:266,0
DA:267,0
DA:270,0
DA:283,0
DA:285,0
DA:286,0
DA:287,0
DA:288,0
DA:290,0
DA:292,0
DA:309,0
LF:125
LH:2
BRDA:55,0,0,0
BRDA:104,1,0,0
BRDA:111,2,0,0
BRDA:111,2,1,0
BRDA:114,3,0,0
BRDA:114,4,0,0
BRDA:114,4,1,0
BRDA:114,4,2,0
BRDA:121,5,0,0
BRDA:129,6,0,0
BRDA:138,7,0,0
BRDA:138,7,1,0
BRDA:138,8,0,0
BRDA:138,8,1,0
BRDA:141,9,0,0
BRDA:141,9,1,0
BRDA:144,10,0,0
BRDA:144,10,1,0
BRDA:147,11,0,0
BRDA:186,12,0,0
BRDA:188,13,0,0
BRDA:194,14,0,0
BRDA:235,15,0,0
BRDA:235,15,1,0
BRDA:236,16,0,0
BRDA:236,16,1,0
BRDA:237,17,0,0
BRDA:237,17,1,0
BRDA:238,18,0,0
BRDA:238,18,1,0
BRDA:239,19,0,0
BRDA:239,19,1,0
BRDA:240,20,0,0
BRDA:240,20,1,0
BRDA:242,21,0,0
BRDA:242,21,1,0
BRDA:244,22,0,0
BRDA:245,23,0,0
BRDA:245,23,1,0
BRDA:247,24,0,0
BRDA:247,24,1,0
BRDA:249,25,0,0
BRDA:249,25,1,0
BRDA:251,26,0,0
BRDA:251,26,1,0
BRDA:253,27,0,0
BRDA:253,27,1,0
BRDA:255,28,0,0
BRDA:258,29,0,0
BRDA:260,30,0,0
BRDA:260,31,0,0
BRDA:260,31,1,0
BRDA:266,32,0,0
BRF:53
BRH:0
end_of_record
TN:
SF:src\ai\services\posting-time-prediction.service.ts
FN:46,(anonymous_1)
FN:71,(anonymous_2)
FN:97,(anonymous_3)
FN:133,(anonymous_4)
FN:141,(anonymous_5)
FN:166,(anonymous_6)
FN:168,(anonymous_7)
FN:188,(anonymous_8)
FN:223,(anonymous_9)
FN:232,(anonymous_10)
FNF:10
FNH:4
FNDA:1,(anonymous_1)
FNDA:0,(anonymous_2)
FNDA:1,(anonymous_3)
FNDA:0,(anonymous_4)
FNDA:0,(anonymous_5)
FNDA:0,(anonymous_6)
FNDA:0,(anonymous_7)
FNDA:1,(anonymous_8)
FNDA:1,(anonymous_9)
FNDA:0,(anonymous_10)
DA:8,1
DA:9,1
DA:10,1
DA:38,1
DA:39,1
DA:49,1
DA:50,1
DA:56,1
DA:61,1
DA:63,1
DA:67,0
DA:70,0
DA:71,0
DA:74,0
DA:75,0
DA:77,0
DA:89,0
DA:90,0
DA:101,1
DA:103,1
DA:105,1
DA:123,1
DA:125,0
DA:126,0
DA:138,0
DA:141,0
DA:142,0
DA:143,0
DA:144,0
DA:145,0
DA:147,0
DA:148,0
DA:150,0
DA:151,0
DA:158,0
DA:159,0
DA:160,0
DA:164,0
DA:166,0
DA:167,0
DA:168,0
DA:171,0
DA:173,0
DA:182,0
DA:190,1
DA:197,1
DA:199,1
DA:224,1
DA:225,1
DA:226,1
DA:233,0
DA:234,0
DA:236,0
DA:237,0
DA:238,0
DA:239,0
DA:241,0
LF:57
LH:20
BRDA:61,0,0,1
BRDA:148,1,0,0
BRDA:148,1,1,0
BRDA:150,2,0,0
BRDA:197,3,0,1
BRDA:197,3,1,1
BRDA:224,4,0,1
BRDA:224,4,1,0
BRDA:225,5,0,0
BRDA:225,5,1,1
BRDA:225,6,0,0
BRDA:225,6,1,1
BRDA:236,7,0,0
BRDA:236,7,1,0
BRDA:238,8,0,0
BRDA:238,8,1,0
BRF:16
BRH:6
end_of_record
TN:
SF:src\ai\services\reply-suggestion.service.ts
FN:27,(anonymous_0)
FN:32,(anonymous_1)
FN:64,(anonymous_2)
FN:89,(anonymous_3)
FN:90,(anonymous_4)
FN:93,(anonymous_5)
FN:112,(anonymous_6)
FNF:7
FNH:0
FNDA:0,(anonymous_0)
FNDA:0,(anonymous_1)
FNDA:0,(anonymous_2)
FNDA:0,(anonymous_3)
FNDA:0,(anonymous_4)
FNDA:0,(anonymous_5)
FNDA:0,(anonymous_6)
DA:9,1
DA:26,1
DA:27,0
DA:35,0
DA:36,0
DA:42,0
DA:43,0
DA:44,0
DA:47,0
DA:49,0
DA:56,0
DA:57,0
DA:65,0
DA:66,0
DA:68,0
DA:69,0
DA:71,0
DA:72,0
DA:75,0
DA:76,0
DA:77,0
DA:78,0
DA:79,0
DA:80,0
DA:81,0
DA:83,0
DA:90,0
DA:91,0
DA:93,0
DA:95,0
DA:96,0
DA:97,0
DA:102,0
DA:103,0
DA:106,0
DA:116,0
DA:122,0
DA:123,0
DA:124,0
DA:125,0
DA:128,0
LF:41
LH:2
BRDA:39,0,0,0
BRDA:39,0,1,0
BRDA:65,1,0,0
BRDA:65,1,1,0
BRDA:66,2,0,0
BRDA:66,2,1,0
BRDA:71,3,0,0
BRDA:96,4,0,0
BRDA:118,5,0,0
BRDA:118,5,1,0
BRDA:122,6,0,0
BRDA:122,6,1,0
BRDA:122,7,0,0
BRDA:122,7,1,0
BRDA:124,8,0,0
BRDA:124,9,0,0
BRDA:124,9,1,0
BRF:17
BRH:0
end_of_record
TN:
SF:src\ai\services\repurposing.service.ts
FN:34,(anonymous_0)
FN:39,(anonymous_1)
FN:80,(anonymous_2)
FN:109,(anonymous_3)
FN:149,(anonymous_4)
FN:207,(anonymous_5)
FN:216,(anonymous_6)
FNF:7
FNH:0
FNDA:0,(anonymous_0)
FNDA:0,(anonymous_1)
FNDA:0,(anonymous_2)
FNDA:0,(anonymous_3)
FNDA:0,(anonymous_4)
FNDA:0,(anonymous_5)
FNDA:0,(anonymous_6)
DA:8,1
DA:9,1
DA:33,1
DA:34,0
DA:40,0
DA:41,0
DA:46,0
DA:47,0
DA:50,0
DA:51,0
DA:59,0
DA:60,0
DA:65,0
DA:72,0
DA:73,0
DA:87,0
DA:95,0
DA:96,0
DA:98,0
DA:116,0
DA:118,0
DA:119,0
DA:121,0
DA:122,0
DA:125,0
DA:126,0
DA:127,0
DA:128,0
DA:129,0
DA:130,0
DA:131,0
DA:133,0
DA:134,0
DA:137,0
DA:138,0
DA:141,0
DA:143,0
DA:156,0
DA:158,0
DA:167,0
DA:176,0
DA:185,0
DA:194,0
DA:208,0
DA:209,0
DA:210,0
DA:220,0
DA:221,0
DA:223,0
DA:224,0
DA:229,0
DA:230,0
DA:233,0
LF:53
LH:3
BRDA:121,0,0,0
BRDA:133,1,0,0
BRDA:137,2,0,0
BRDA:156,3,0,0
BRDA:156,3,1,0
BRDA:156,3,2,0
BRDA:156,3,3,0
BRDA:156,3,4,0
BRDA:210,4,0,0
BRDA:210,4,1,0
BRDA:223,5,0,0
BRDA:229,6,0,0
BRF:12
BRH:0
end_of_record
TN:
SF:src\ai\services\rewrite.service.ts
FN:16,(anonymous_0)
FN:18,(anonymous_1)
FN:42,(anonymous_2)
FN:65,(anonymous_3)
FN:89,(anonymous_4)
FNF:5
FNH:0
FNDA:0,(anonymous_0)
FNDA:0,(anonymous_1)
FNDA:0,(anonymous_2)
FNDA:0,(anonymous_3)
FNDA:0,(anonymous_4)
DA:7,1
DA:13,1
DA:15,1
DA:16,0
DA:19,0
DA:20,0
DA:22,0
DA:27,0
DA:28,0
DA:30,0
DA:37,0
DA:38,0
DA:43,0
DA:44,0
DA:46,0
DA:50,0
DA:51,0
DA:53,0
DA:60,0
DA:61,0
DA:66,0
DA:67,0
DA:69,0
DA:74,0
DA:75,0
DA:77,0
DA:84,0
DA:85,0
DA:90,0
DA:91,0
DA:93,0
DA:97,0
DA:98,0
DA:100,0
DA:107,0
DA:108,0
LF:36
LH:3
BRF:0
BRH:0
end_of_record
TN:
SF:src\ai\services\sentiment-analysis.service.ts
FN:27,(anonymous_0)
FN:32,(anonymous_1)
FN:64,(anonymous_2)
FN:82,(anonymous_3)
FN:83,(anonymous_4)
FN:92,(anonymous_5)
FN:132,(anonymous_6)
FN:153,(anonymous_7)
FN:173,(anonymous_8)
FN:180,(anonymous_9)
FN:196,(anonymous_10)
FN:196,(anonymous_11)
FN:212,(anonymous_12)
FNF:13
FNH:0
FNDA:0,(anonymous_0)
FNDA:0,(anonymous_1)
FNDA:0,(anonymous_2)
FNDA:0,(anonymous_3)
FNDA:0,(anonymous_4)
FNDA:0,(anonymous_5)
FNDA:0,(anonymous_6)
FNDA:0,(anonymous_7)
FNDA:0,(anonymous_8)
FNDA:0,(anonymous_9)
FNDA:0,(anonymous_10)
FNDA:0,(anonymous_11)
FNDA:0,(anonymous_12)
DA:9,1
DA:26,1
DA:27,0
DA:35,0
DA:36,0
DA:42,0
DA:45,0
DA:46,0
DA:49,0
DA:56,0
DA:57,0
DA:65,0
DA:71,0
DA:77,0
DA:78,0
DA:79,0
DA:80,0
DA:82,0
DA:83,0
DA:84,0
DA:85,0
DA:86,0
DA:87,0
DA:92,0
DA:93,0
DA:94,0
DA:95,0
DA:96,0
DA:102,0
DA:103,0
DA:110,0
DA:111,0
DA:112,0
DA:113,0
DA:114,0
DA:115,0
DA:117,0
DA:118,0
DA:121,0
DA:135,0
DA:136,0
DA:137,0
DA:140,0
DA:142,0
DA:154,0
DA:155,0
DA:157,0
DA:158,0
DA:161,0
DA:162,0
DA:163,0
DA:164,0
DA:165,0
DA:167,0
DA:174,0
DA:175,0
DA:176,0
DA:177,0
DA:178,0
DA:180,0
DA:181,0
DA:183,0
DA:184,0
DA:185,0
DA:186,0
DA:187,0
DA:188,0
DA:189,0
DA:190,0
DA:191,0
DA:192,0
DA:193,0
DA:194,0
DA:195,0
DA:196,0
DA:201,0
DA:213,0
DA:215,0
DA:216,0
DA:217,0
DA:218,0
DA:220,0
DA:222,0
DA:234,0
LF:84
LH:2
BRDA:45,0,0,0
BRDA:84,1,0,0
BRDA:86,2,0,0
BRDA:93,3,0,0
BRDA:95,4,0,0
BRDA:103,5,0,0
BRDA:103,5,1,0
BRDA:110,6,0,0
BRDA:110,6,1,0
BRDA:113,7,0,0
BRDA:113,7,1,0
BRDA:118,8,0,0
BRDA:118,8,1,0
BRDA:157,9,0,0
BRDA:183,10,0,0
BRDA:183,10,1,0
BRDA:184,11,0,0
BRDA:184,11,1,0
BRDA:185,12,0,0
BRDA:185,12,1,0
BRDA:187,13,0,0
BRDA:187,13,1,0
BRDA:189,14,0,0
BRDA:190,15,0,0
BRDA:190,15,1,0
BRDA:192,16,0,0
BRDA:193,17,0,0
BRDA:195,18,0,0
BRF:28
BRH:0
end_of_record
TN:
SF:src\ai\services\suggestion.service.ts
FN:11,(anonymous_0)
FN:13,(anonymous_1)
FN:38,(anonymous_2)
FN:42,(anonymous_3)
FN:43,(anonymous_4)
FN:46,(anonymous_5)
FN:49,(anonymous_6)
FN:58,(anonymous_7)
FN:67,(anonymous_8)
FN:75,(anonymous_9)
FNF:10
FNH:0
FNDA:0,(anonymous_0)
FNDA:0,(anonymous_1)
FNDA:0,(anonymous_2)
FNDA:0,(anonymous_3)
FNDA:0,(anonymous_4)
FNDA:0,(anonymous_5)
FNDA:0,(anonymous_6)
FNDA:0,(anonymous_7)
FNDA:0,(anonymous_8)
FNDA:0,(anonymous_9)
DA:7,1
DA:8,1
DA:10,1
DA:11,0
DA:14,0
DA:15,0
DA:17,0
DA:22,0
DA:23,0
DA:24,0
DA:26,0
DA:33,0
DA:34,0
DA:40,0
DA:42,0
DA:43,0
DA:46,0
DA:50,0
DA:55,0
DA:59,0
DA:64,0
DA:68,0
DA:72,0
DA:76,0
DA:81,0
LF:25
LH:3
BRF:0
BRH:0
end_of_record
TN:
SF:src\ai\services\template.service.ts
FN:12,(anonymous_0)
FN:14,(anonymous_1)
FN:43,(anonymous_2)
FN:54,(anonymous_3)
FN:60,(anonymous_4)
FN:84,(anonymous_5)
FN:92,(anonymous_6)
FNF:7
FNH:0
FNDA:0,(anonymous_0)
FNDA:0,(anonymous_1)
FNDA:0,(anonymous_2)
FNDA:0,(anonymous_3)
FNDA:0,(anonymous_4)
FNDA:0,(anonymous_5)
FNDA:0,(anonymous_6)
DA:8,0
DA:9,0
DA:11,0
DA:12,0
DA:15,0
DA:16,0
DA:18,0
DA:25,0
DA:26,0
DA:29,0
DA:31,0
DA:38,0
DA:39,0
DA:44,0
DA:46,0
DA:47,0
DA:50,0
DA:55,0
DA:58,0
DA:60,0
DA:61,0
DA:62,0
DA:63,0
DA:66,0
DA:67,0
DA:68,0
DA:70,0
DA:71,0
DA:72,0
DA:73,0
DA:74,0
DA:77,0
DA:78,0
DA:79,0
DA:80,0
DA:81,0
DA:82,0
DA:83,0
DA:84,0
DA:89,0
DA:90,0
DA:91,0
DA:92,0
DA:96,0
DA:97,0
DA:107,0
LF:46
LH:0
BRDA:47,0,0,0
BRDA:47,0,1,0
BRDA:61,1,0,0
BRDA:61,2,0,0
BRDA:61,2,1,0
BRDA:63,3,0,0
BRDA:63,3,1,0
BRDA:72,4,0,0
BRDA:72,5,0,0
BRDA:72,5,1,0
BRDA:77,6,0,0
BRDA:77,6,1,0
BRDA:77,7,0,0
BRDA:77,7,1,0
BRDA:77,7,2,0
BRDA:79,8,0,0
BRDA:79,8,1,0
BRDA:82,9,0,0
BRDA:89,10,0,0
BRDA:91,11,0,0
BRDA:96,12,0,0
BRDA:101,13,0,0
BRDA:101,13,1,0
BRF:23
BRH:0
end_of_record
TN:
SF:src\ai\services\translation.service.ts
FN:28,(anonymous_0)
FN:30,(anonymous_1)
FNF:2
FNH:0
FNDA:0,(anonymous_0)
FNDA:0,(anonymous_1)
DA:6,1
DA:7,1
DA:8,1
DA:19,1
DA:27,1
DA:28,0
DA:31,0
DA:32,0
DA:33,0
DA:37,0
DA:39,0
DA:41,0
DA:48,0
DA:49,0
DA:51,0
DA:60,0
DA:61,0
LF:17
LH:5
BRDA:32,0,0,0
BRF:1
BRH:0
end_of_record
TN:
SF:src\ai\types\index.ts
FN:6,(anonymous_0)
FN:12,(anonymous_1)
FN:22,(anonymous_2)
FN:28,(anonymous_3)
FNF:4
FNH:4
FNDA:1,(anonymous_0)
FNDA:1,(anonymous_1)
FNDA:1,(anonymous_2)
FNDA:1,(anonymous_3)
DA:6,1
DA:7,1
DA:8,1
DA:9,1
DA:12,1
DA:13,1
DA:14,1
DA:15,1
DA:16,1
DA:17,1
DA:18,1
DA:19,1
DA:22,1
DA:23,1
DA:24,1
DA:25,1
DA:28,1
DA:29,1
DA:30,1
DA:31,1
DA:32,1
DA:33,1
DA:34,1
DA:35,1
DA:36,1
DA:37,1
DA:38,1
LF:27
LH:27
BRDA:6,0,0,1
BRDA:6,0,1,1
BRDA:12,1,0,1
BRDA:12,1,1,1
BRDA:22,2,0,1
BRDA:22,2,1,1
BRDA:28,3,0,1
BRDA:28,3,1,1
BRF:8
BRH:8
end_of_record
TN:
SF:src\api\v2\docs.routes.ts
FN:52,(anonymous_1)
FN:61,(anonymous_2)
FNF:2
FNH:0
FNDA:0,(anonymous_1)
FNDA:0,(anonymous_2)
DA:7,0
DA:8,0
DA:9,0
DA:10,0
DA:12,0
DA:16,0
DA:17,0
DA:18,0
DA:20,0
DA:21,0
DA:35,0
DA:36,0
DA:52,0
DA:53,0
DA:54,0
DA:55,0
DA:61,0
DA:62,0
DA:63,0
DA:64,0
DA:70,0
DA:71,0
DA:72,0
DA:74,0
DA:75,0
DA:82,0
LF:26
LH:0
BRF:0
BRH:0
end_of_record
TN:
SF:src\api\v2\index.ts
FN:21,(anonymous_1)
FNF:1
FNH:0
FNDA:0,(anonymous_1)
DA:7,0
DA:8,0
DA:9,0
DA:10,0
DA:11,0
DA:12,0
DA:13,0
DA:14,0
DA:15,0
DA:16,0
DA:18,0
DA:21,0
DA:22,0
DA:38,0
DA:41,0
DA:42,0
DA:45,0
DA:46,0
DA:47,0
DA:48,0
DA:49,0
DA:50,0
DA:52,0
LF:23
LH:0
BRF:0
BRH:0
end_of_record
TN:
SF:src\api\v2\openapi.ts
FN:287,generateOpenAPISpec
FNF:1
FNH:0
FNDA:0,generateOpenAPISpec
DA:7,0
DA:8,0
DA:11,0
DA:17,0
DA:23,0
DA:25,0
DA:28,0
DA:36,0
DA:45,0
DA:55,0
DA:73,0
DA:86,0
DA:102,0
DA:114,0
DA:130,0
DA:146,0
DA:180,0
DA:212,0
DA:250,0
DA:287,0
DA:288,0
DA:290,0
LF:22
LH:0
BRF:0
BRH:0
end_of_record
TN:
SF:src\api\v2\routes\analytics.routes.ts
FN:36,(anonymous_0)
FN:70,(anonymous_1)
FN:103,(anonymous_2)
FNF:3
FNH:0
FNDA:0,(anonymous_0)
FNDA:0,(anonymous_1)
FNDA:0,(anonymous_2)
DA:7,0
DA:8,0
DA:9,0
DA:10,0
DA:11,0
DA:13,0
DA:15,0
DA:16,0
DA:17,0
DA:20,0
DA:26,0
DA:36,0
DA:37,0
DA:38,0
DA:39,0
DA:41,0
DA:42,0
DA:44,0
DA:52,0
DA:63,0
DA:70,0
DA:71,0
DA:72,0
DA:73,0
DA:75,0
DA:76,0
DA:78,0
DA:85,0
DA:96,0
DA:103,0
DA:104,0
DA:105,0
DA:106,0
DA:108,0
DA:109,0
DA:111,0
DA:118,0
DA:129,0
DA:133,0
LF:39
LH:0
BRDA:41,0,0,0
BRDA:41,0,1,0
BRDA:42,1,0,0
BRDA:42,1,1,0
BRDA:59,2,0,0
BRDA:59,2,1,0
BRDA:75,3,0,0
BRDA:75,3,1,0
BRDA:76,4,0,0
BRDA:76,4,1,0
BRDA:92,5,0,0
BRDA:92,5,1,0
BRDA:108,6,0,0
BRDA:108,6,1,0
BRDA:109,7,0,0
BRDA:109,7,1,0
BRDA:125,8,0,0
BRDA:125,8,1,0
BRF:18
BRH:0
end_of_record
TN:
SF:src\api\v2\routes\auth.routes.ts
FN:22,(anonymous_0)
FN:38,(anonymous_1)
FNF:2
FNH:0
FNDA:0,(anonymous_0)
FNDA:0,(anonymous_1)
DA:7,0
DA:8,0
DA:9,0
DA:10,0
DA:12,0
DA:15,0
DA:24,0
DA:34,0
DA:39,0
DA:40,0
DA:41,0
DA:47,0
DA:51,0
LF:13
LH:0
BRDA:24,0,0,0
BRDA:24,0,1,0
BRDA:40,1,0,0
BRF:3
BRH:0
end_of_record
TN:
SF:src\api\v2\routes\index.ts
FNF:0
FNH:0
DA:7,0
DA:8,0
DA:9,0
DA:10,0
DA:12,0
DA:15,0
DA:16,0
DA:17,0
DA:19,0
LF:9
LH:0
BRF:0
BRH:0
end_of_record
TN:
SF:src\api\v2\routes\make.routes.ts
FN:18,validateHookUrl
FN:86,(anonymous_1)
FN:111,(anonymous_2)
FN:148,(anonymous_3)
FN:185,(anonymous_4)
FN:190,(anonymous_5)
FN:201,(anonymous_6)
FN:216,(anonymous_7)
FN:257,(anonymous_8)
FN:291,(anonymous_9)
FNF:10
FNH:0
FNDA:0,validateHookUrl
FNDA:0,(anonymous_1)
FNDA:0,(anonymous_2)
FNDA:0,(anonymous_3)
FNDA:0,(anonymous_4)
FNDA:0,(anonymous_5)
FNDA:0,(anonymous_6)
FNDA:0,(anonymous_7)
FNDA:0,(anonymous_8)
FNDA:0,(anonymous_9)
DA:7,0
DA:8,0
DA:9,0
DA:10,0
DA:11,0
DA:12,0
DA:13,0
DA:15,0
DA:20,0
DA:21,0
DA:23,0
DA:26,0
DA:27,0
DA:30,0
DA:33,0
DA:34,0
DA:35,0
DA:36,0
DA:41,0
DA:46,0
DA:47,0
DA:48,0
DA:53,0
DA:54,0
DA:55,0
DA:60,0
DA:66,0
DA:74,0
DA:79,0
DA:86,0
DA:87,0
DA:88,0
DA:90,0
DA:104,0
DA:111,0
DA:112,0
DA:113,0
DA:114,0
DA:117,0
DA:119,0
DA:126,0
DA:133,0
DA:141,0
DA:148,0
DA:149,0
DA:150,0
DA:151,0
DA:153,0
DA:158,0
DA:159,0
DA:163,0
DA:166,0
DA:172,0
DA:176,0
DA:178,0
DA:185,0
DA:186,0
DA:187,0
DA:189,0
DA:190,0
DA:192,0
DA:194,0
DA:201,0
DA:202,0
DA:203,0
DA:205,0
DA:207,0
DA:209,0
DA:216,0
DA:217,0
DA:218,0
DA:219,0
DA:221,0
DA:224,0
DA:225,0
DA:233,0
DA:236,0
DA:242,0
DA:250,0
DA:257,0
DA:258,0
DA:259,0
DA:260,0
DA:262,0
DA:268,0
DA:275,0
DA:284,0
DA:291,0
DA:292,0
DA:293,0
DA:294,0
DA:296,0
DA:298,0
DA:299,0
DA:303,0
DA:306,0
DA:311,0
DA:316,0
DA:318,0
DA:322,0
LF:100
LH:0
BRDA:26,0,0,0
BRDA:35,1,0,0
BRDA:47,2,0,0
BRDA:54,3,0,0
BRDA:158,4,0,0
BRDA:228,5,0,0
BRDA:228,5,1,0
BRDA:298,6,0,0
BRF:8
BRH:0
end_of_record
TN:
SF:src\api\v2\routes\media.routes.ts
FN:24,(anonymous_1)
FN:55,(anonymous_2)
FN:95,(anonymous_3)
FN:136,(anonymous_4)
FNF:4
FNH:0
FNDA:0,(anonymous_1)
FNDA:0,(anonymous_2)
FNDA:0,(anonymous_3)
FNDA:0,(anonymous_4)
DA:7,0
DA:8,0
DA:9,0
DA:10,0
DA:11,0
DA:12,0
DA:13,0
DA:15,0
DA:16,0
DA:19,0
DA:26,0
DA:36,0
DA:37,0
DA:39,0
DA:45,0
DA:55,0
DA:56,0
DA:57,0
DA:58,0
DA:61,0
DA:62,0
DA:63,0
DA:66,0
DA:67,0
DA:70,0
DA:75,0
DA:76,0
DA:77,0
DA:79,0
DA:88,0
DA:95,0
DA:96,0
DA:97,0
DA:99,0
DA:100,0
DA:104,0
DA:107,0
DA:119,0
DA:127,0
DA:129,0
DA:136,0
DA:137,0
DA:138,0
DA:139,0
DA:141,0
DA:143,0
DA:144,0
DA:148,0
DA:151,0
DA:153,0
DA:159,0
DA:161,0
DA:165,0
LF:53
LH:0
BRDA:36,0,0,0
BRDA:36,0,1,0
BRDA:62,1,0,0
BRDA:63,2,0,0
BRDA:66,3,0,0
BRDA:76,4,0,0
BRDA:76,4,1,0
BRDA:77,5,0,0
BRDA:77,5,1,0
BRDA:99,6,0,0
BRDA:143,7,0,0
BRF:11
BRH:0
end_of_record
TN:
SF:src\api\v2\routes\posts.routes.ts
FN:44,(anonymous_0)
FN:88,(anonymous_1)
FN:112,(anonymous_2)
FN:143,(anonymous_3)
FN:185,(anonymous_4)
FN:223,(anonymous_5)
FNF:6
FNH:0
FNDA:0,(anonymous_0)
FNDA:0,(anonymous_1)
FNDA:0,(anonymous_2)
FNDA:0,(anonymous_3)
FNDA:0,(anonymous_4)
FNDA:0,(anonymous_5)
DA:7,0
DA:8,0
DA:9,0
DA:10,0
DA:11,0
DA:12,0
DA:14,0
DA:15,0
DA:18,0
DA:27,0
DA:33,0
DA:44,0
DA:45,0
DA:46,0
DA:47,0
DA:50,0
DA:51,0
DA:52,0
DA:53,0
DA:56,0
DA:57,0
DA:60,0
DA:67,0
DA:68,0
DA:69,0
DA:70,0
DA:72,0
DA:81,0
DA:88,0
DA:89,0
DA:90,0
DA:91,0
DA:93,0
DA:95,0
DA:96,0
DA:100,0
DA:103,0
DA:105,0
DA:112,0
DA:113,0
DA:114,0
DA:115,0
DA:117,0
DA:128,0
DA:134,0
DA:136,0
DA:143,0
DA:144,0
DA:145,0
DA:146,0
DA:147,0
DA:149,0
DA:150,0
DA:151,0
DA:152,0
DA:154,0
DA:162,0
DA:163,0
DA:167,0
DA:170,0
DA:176,0
DA:178,0
DA:185,0
DA:186,0
DA:187,0
DA:188,0
DA:190,0
DA:191,0
DA:198,0
DA:199,0
DA:203,0
DA:205,0
DA:208,0
DA:214,0
DA:216,0
DA:223,0
DA:224,0
DA:225,0
DA:226,0
DA:228,0
DA:230,0
DA:231,0
DA:235,0
DA:238,0
DA:244,0
DA:249,0
DA:253,0
LF:87
LH:0
BRDA:51,0,0,0
BRDA:52,1,0,0
BRDA:53,2,0,0
BRDA:56,3,0,0
BRDA:67,4,0,0
BRDA:67,4,1,0
BRDA:69,5,0,0
BRDA:69,5,1,0
BRDA:70,6,0,0
BRDA:70,6,1,0
BRDA:77,7,0,0
BRDA:77,7,1,0
BRDA:95,8,0,0
BRDA:123,9,0,0
BRDA:123,9,1,0
BRDA:150,10,0,0
BRDA:151,11,0,0
BRDA:152,12,0,0
BRDA:162,13,0,0
BRDA:198,14,0,0
BRDA:230,15,0,0
BRF:21
BRH:0
end_of_record
TN:
SF:src\api\v2\routes\twoFactor.routes.ts
FN:32,(anonymous_0)
FN:77,(anonymous_1)
FN:99,(anonymous_2)
FN:122,(anonymous_3)
FN:145,(anonymous_4)
FNF:5
FNH:0
FNDA:0,(anonymous_0)
FNDA:0,(anonymous_1)
FNDA:0,(anonymous_2)
FNDA:0,(anonymous_3)
FNDA:0,(anonymous_4)
DA:8,0
DA:9,0
DA:10,0
DA:11,0
DA:12,0
DA:14,0
DA:17,0
DA:25,0
DA:34,0
DA:39,0
DA:47,0
DA:60,0
DA:72,0
DA:78,0
DA:79,0
DA:80,0
DA:86,0
DA:95,0
DA:100,0
DA:101,0
DA:102,0
DA:108,0
DA:117,0
DA:123,0
DA:124,0
DA:125,0
DA:131,0
DA:140,0
DA:146,0
DA:147,0
DA:148,0
DA:154,0
DA:158,0
LF:33
LH:0
BRDA:34,0,0,0
BRDA:34,0,1,0
BRDA:79,1,0,0
BRDA:101,2,0,0
BRDA:124,3,0,0
BRDA:147,4,0,0
BRF:6
BRH:0
end_of_record
TN:
SF:src\api\v2\routes\twoFactorRecovery.routes.ts
FN:56,(anonymous_0)
FN:78,(anonymous_1)
FN:100,(anonymous_2)
FNF:3
FNH:0
FNDA:0,(anonymous_0)
FNDA:0,(anonymous_1)
FNDA:0,(anonymous_2)
DA:8,0
DA:9,0
DA:10,0
DA:11,0
DA:13,0
DA:16,0
DA:28,0
DA:40,0
DA:52,0
DA:57,0
DA:58,0
DA:59,0
DA:65,0
DA:74,0
DA:79,0
DA:80,0
DA:81,0
DA:87,0
DA:96,0
DA:101,0
DA:102,0
DA:103,0
DA:109,0
DA:113,0
LF:24
LH:0
BRDA:58,0,0,0
BRDA:80,1,0,0
BRDA:102,2,0,0
BRF:3
BRH:0
end_of_record
TN:
SF:src\api\v2\routes\webhooks.routes.ts
FN:39,(anonymous_0)
FN:79,(anonymous_1)
FN:120,(anonymous_2)
FN:157,(anonymous_3)
FN:189,(anonymous_4)
FNF:5
FNH:0
FNDA:0,(anonymous_0)
FNDA:0,(anonymous_1)
FNDA:0,(anonymous_2)
FNDA:0,(anonymous_3)
FNDA:0,(anonymous_4)
DA:7,0
DA:8,0
DA:9,0
DA:10,0
DA:11,0
DA:13,0
DA:16,0
DA:23,0
DA:30,0
DA:39,0
DA:40,0
DA:41,0
DA:42,0
DA:45,0
DA:46,0
DA:49,0
DA:50,0
DA:53,0
DA:59,0
DA:60,0
DA:61,0
DA:63,0
DA:72,0
DA:79,0
DA:80,0
DA:81,0
DA:82,0
DA:85,0
DA:87,0
DA:96,0
DA:105,0
DA:106,0
DA:108,0
DA:113,0
DA:120,0
DA:121,0
DA:122,0
DA:123,0
DA:124,0
DA:126,0
DA:132,0
DA:133,0
DA:137,0
DA:140,0
DA:146,0
DA:147,0
DA:149,0
DA:150,0
DA:157,0
DA:158,0
DA:159,0
DA:160,0
DA:162,0
DA:164,0
DA:165,0
DA:169,0
DA:172,0
DA:178,0
DA:179,0
DA:181,0
DA:182,0
DA:189,0
DA:190,0
DA:191,0
DA:192,0
DA:194,0
DA:196,0
DA:197,0
DA:201,0
DA:205,0
DA:215,0
DA:216,0
DA:218,0
DA:219,0
DA:223,0
LF:75
LH:0
BRDA:46,0,0,0
BRDA:49,1,0,0
BRDA:60,2,0,0
BRDA:60,2,1,0
BRDA:61,3,0,0
BRDA:61,3,1,0
BRDA:85,4,0,0
BRDA:85,4,1,0
BRDA:132,5,0,0
BRDA:164,6,0,0
BRDA:196,7,0,0
BRDA:206,8,0,0
BRDA:206,8,1,0
BRDA:206,9,0,0
BRDA:206,9,1,0
BRDA:207,10,0,0
BRDA:207,10,1,0
BRDA:208,11,0,0
BRDA:208,11,1,0
BRDA:210,12,0,0
BRDA:210,12,1,0
BRDA:210,13,0,0
BRDA:210,13,1,0
BRDA:212,14,0,0
BRDA:212,14,1,0
BRF:25
BRH:0
end_of_record
TN:
SF:src\api\v2\routes\zapier.routes.ts
FN:17,validateHookUrl
FN:89,(anonymous_1)
FN:113,(anonymous_2)
FN:118,(anonymous_3)
FN:129,(anonymous_4)
FN:134,(anonymous_5)
FN:145,(anonymous_6)
FN:161,(anonymous_7)
FN:197,(anonymous_8)
FN:221,(anonymous_9)
FN:248,(anonymous_10)
FN:283,(anonymous_11)
FNF:12
FNH:0
FNDA:0,validateHookUrl
FNDA:0,(anonymous_1)
FNDA:0,(anonymous_2)
FNDA:0,(anonymous_3)
FNDA:0,(anonymous_4)
FNDA:0,(anonymous_5)
FNDA:0,(anonymous_6)
FNDA:0,(anonymous_7)
FNDA:0,(anonymous_8)
FNDA:0,(anonymous_9)
FNDA:0,(anonymous_10)
FNDA:0,(anonymous_11)
DA:7,0
DA:8,0
DA:9,0
DA:10,0
DA:11,0
DA:12,0
DA:14,0
DA:19,0
DA:20,0
DA:22,0
DA:25,0
DA:26,0
DA:29,0
DA:32,0
DA:33,0
DA:34,0
DA:35,0
DA:40,0
DA:45,0
DA:46,0
DA:47,0
DA:52,0
DA:53,0
DA:54,0
DA:59,0
DA:64,0
DA:68,0
DA:75,0
DA:80,0
DA:89,0
DA:90,0
DA:91,0
DA:94,0
DA:106,0
DA:113,0
DA:114,0
DA:115,0
DA:117,0
DA:118,0
DA:120,0
DA:122,0
DA:129,0
DA:130,0
DA:131,0
DA:133,0
DA:134,0
DA:136,0
DA:138,0
DA:145,0
DA:146,0
DA:147,0
DA:150,0
DA:152,0
DA:154,0
DA:161,0
DA:162,0
DA:163,0
DA:164,0
DA:167,0
DA:169,0
DA:176,0
DA:183,0
DA:190,0
DA:197,0
DA:198,0
DA:199,0
DA:200,0
DA:202,0
DA:204,0
DA:209,0
DA:214,0
DA:221,0
DA:222,0
DA:223,0
DA:224,0
DA:226,0
DA:233,0
DA:239,0
DA:241,0
DA:248,0
DA:249,0
DA:250,0
DA:251,0
DA:253,0
DA:259,0
DA:260,0
DA:264,0
DA:267,0
DA:273,0
DA:274,0
DA:276,0
DA:283,0
DA:284,0
DA:285,0
DA:286,0
DA:288,0
DA:295,0
DA:302,0
DA:304,0
DA:308,0
LF:100
LH:0
BRDA:25,0,0,0
BRDA:34,1,0,0
BRDA:46,2,0,0
BRDA:53,3,0,0
BRDA:229,4,0,0
BRDA:229,4,1,0
BRDA:259,5,0,0
BRF:7
BRH:0
end_of_record
TN:
SF:src\constants\platformLimits.ts
FNF:0
FNH:0
DA:1,3
DA:16,3
DA:27,3
DA:38,3
DA:46,3
DA:56,3
LF:6
LH:6
BRF:0
BRH:0
end_of_record
TN:
SF:src\controllers\AIController.ts
FN:25,(anonymous_9)
FN:67,(anonymous_10)
FN:109,(anonymous_11)
FN:151,(anonymous_12)
FN:192,(anonymous_13)
FN:234,(anonymous_14)
FN:281,(anonymous_15)
FN:328,(anonymous_16)
FN:349,(anonymous_17)
FN:380,(anonymous_18)
FN:401,(anonymous_19)
FN:430,(anonymous_20)
FN:451,(anonymous_21)
FN:479,(anonymous_22)
FN:526,(anonymous_23)
FN:570,(anonymous_24)
FN:583,(anonymous_25)
FN:585,(anonymous_26)
FN:614,(anonymous_27)
FN:627,(anonymous_28)
FN:629,(anonymous_29)
FN:657,(anonymous_30)
FN:670,(anonymous_31)
FN:672,(anonymous_32)
FN:699,(anonymous_33)
FN:712,(anonymous_34)
FN:714,(anonymous_35)
FN:741,(anonymous_36)
FN:754,(anonymous_37)
FN:756,(anonymous_38)
FN:783,(anonymous_39)
FN:915,(anonymous_40)
FN:961,(anonymous_41)
FN:973,(anonymous_42)
FN:975,(anonymous_43)
FN:1013,(anonymous_44)
FN:1056,(anonymous_45)
FN:1058,(anonymous_46)
FN:1096,(anonymous_47)
FN:1119,(anonymous_48)
FN:1121,(anonymous_49)
FN:1155,(anonymous_50)
FN:1160,(anonymous_51)
FN:1162,(anonymous_52)
FNF:44
FNH:0
FNDA:0,(anonymous_9)
FNDA:0,(anonymous_10)
FNDA:0,(anonymous_11)
FNDA:0,(anonymous_12)
FNDA:0,(anonymous_13)
FNDA:0,(anonymous_14)
FNDA:0,(anonymous_15)
FNDA:0,(anonymous_16)
FNDA:0,(anonymous_17)
FNDA:0,(anonymous_18)
FNDA:0,(anonymous_19)
FNDA:0,(anonymous_20)
FNDA:0,(anonymous_21)
FNDA:0,(anonymous_22)
FNDA:0,(anonymous_23)
FNDA:0,(anonymous_24)
FNDA:0,(anonymous_25)
FNDA:0,(anonymous_26)
FNDA:0,(anonymous_27)
FNDA:0,(anonymous_28)
FNDA:0,(anonymous_29)
FNDA:0,(anonymous_30)
FNDA:0,(anonymous_31)
FNDA:0,(anonymous_32)
FNDA:0,(anonymous_33)
FNDA:0,(anonymous_34)
FNDA:0,(anonymous_35)
FNDA:0,(anonymous_36)
FNDA:0,(anonymous_37)
FNDA:0,(anonymous_38)
FNDA:0,(anonymous_39)
FNDA:0,(anonymous_40)
FNDA:0,(anonymous_41)
FNDA:0,(anonymous_42)
FNDA:0,(anonymous_43)
FNDA:0,(anonymous_44)
FNDA:0,(anonymous_45)
FNDA:0,(anonymous_46)
FNDA:0,(anonymous_47)
FNDA:0,(anonymous_48)
FNDA:0,(anonymous_49)
FNDA:0,(anonymous_50)
FNDA:0,(anonymous_51)
FNDA:0,(anonymous_52)
DA:7,1
DA:8,1
DA:15,1
DA:16,1
DA:17,1
DA:18,1
DA:20,1
DA:26,0
DA:27,0
DA:30,0
DA:31,0
DA:35,0
DA:38,0
DA:39,0
DA:42,0
DA:43,0
DA:44,0
DA:47,0
DA:53,0
DA:58,0
DA:59,0
DA:68,0
DA:69,0
DA:72,0
DA:73,0
DA:77,0
DA:80,0
DA:81,0
DA:84,0
DA:85,0
DA:86,0
DA:89,0
DA:95,0
DA:100,0
DA:101,0
DA:110,0
DA:111,0
DA:114,0
DA:115,0
DA:119,0
DA:122,0
DA:123,0
DA:126,0
DA:127,0
DA:128,0
DA:131,0
DA:137,0
DA:142,0
DA:143,0
DA:152,0
DA:153,0
DA:155,0
DA:156,0
DA:160,0
DA:163,0
DA:164,0
DA:167,0
DA:168,0
DA:169,0
DA:172,0
DA:178,0
DA:183,0
DA:184,0
DA:193,0
DA:194,0
DA:197,0
DA:198,0
DA:202,0
DA:205,0
DA:206,0
DA:209,0
DA:210,0
DA:211,0
DA:214,0
DA:220,0
DA:225,0
DA:226,0
DA:235,0
DA:236,0
DA:238,0
DA:239,0
DA:243,0
DA:246,0
DA:247,0
DA:255,0
DA:256,0
DA:257,0
DA:260,0
DA:267,0
DA:272,0
DA:273,0
DA:282,0
DA:283,0
DA:285,0
DA:286,0
DA:290,0
DA:293,0
DA:294,0
DA:302,0
DA:303,0
DA:304,0
DA:307,0
DA:314,0
DA:319,0
DA:320,0
DA:329,0
DA:330,0
DA:332,0
DA:333,0
DA:337,0
DA:340,0
DA:341,0
DA:342,0
DA:346,0
DA:349,0
DA:350,0
DA:359,0
DA:366,0
DA:371,0
DA:372,0
DA:381,0
DA:382,0
DA:384,0
DA:385,0
DA:389,0
DA:392,0
DA:393,0
DA:394,0
DA:398,0
DA:401,0
DA:402,0
DA:409,0
DA:416,0
DA:421,0
DA:422,0
DA:431,0
DA:432,0
DA:434,0
DA:435,0
DA:439,0
DA:442,0
DA:443,0
DA:444,0
DA:448,0
DA:451,0
DA:452,0
DA:458,0
DA:465,0
DA:470,0
DA:471,0
DA:480,0
DA:481,0
DA:483,0
DA:484,0
DA:488,0
DA:491,0
DA:492,0
DA:500,0
DA:501,0
DA:502,0
DA:505,0
DA:512,0
DA:517,0
DA:518,0
DA:527,0
DA:528,0
DA:530,0
DA:531,0
DA:535,0
DA:538,0
DA:539,0
DA:544,0
DA:545,0
DA:546,0
DA:549,0
DA:556,0
DA:561,0
DA:562,0
DA:571,0
DA:572,0
DA:573,0
DA:575,0
DA:576,0
DA:580,0
DA:583,0
DA:584,0
DA:585,0
DA:587,0
DA:588,0
DA:598,0
DA:600,0
DA:605,0
DA:606,0
DA:615,0
DA:616,0
DA:617,0
DA:619,0
DA:620,0
DA:624,0
DA:627,0
DA:628,0
DA:629,0
DA:631,0
DA:632,0
DA:641,0
DA:643,0
DA:648,0
DA:649,0
DA:658,0
DA:659,0
DA:660,0
DA:662,0
DA:663,0
DA:667,0
DA:670,0
DA:671,0
DA:672,0
DA:674,0
DA:675,0
DA:683,0
DA:685,0
DA:690,0
DA:691,0
DA:700,0
DA:701,0
DA:702,0
DA:704,0
DA:705,0
DA:709,0
DA:712,0
DA:713,0
DA:714,0
DA:716,0
DA:717,0
DA:725,0
DA:727,0
DA:732,0
DA:733,0
DA:742,0
DA:743,0
DA:744,0
DA:746,0
DA:747,0
DA:751,0
DA:754,0
DA:755,0
DA:756,0
DA:758,0
DA:759,0
DA:767,0
DA:769,0
DA:774,0
DA:775,0
DA:784,0
DA:785,0
DA:786,0
DA:788,0
DA:789,0
DA:793,0
DA:797,0
DA:798,0
DA:799,0
DA:803,0
DA:807,0
DA:808,0
DA:809,0
DA:810,0
DA:811,0
DA:816,0
DA:819,0
DA:820,0
DA:823,0
DA:826,0
DA:827,0
DA:828,0
DA:830,0
DA:838,0
DA:846,0
DA:852,0
DA:860,0
DA:870,0
DA:873,0
DA:874,0
DA:875,0
DA:876,0
DA:880,0
DA:889,0
DA:897,0
DA:898,0
DA:903,0
DA:906,0
DA:907,0
DA:916,0
DA:917,0
DA:919,0
DA:920,0
DA:924,0
DA:927,0
DA:928,0
DA:935,0
DA:936,0
DA:937,0
DA:940,0
DA:947,0
DA:952,0
DA:953,0
DA:962,0
DA:963,0
DA:965,0
DA:966,0
DA:970,0
DA:973,0
DA:974,0
DA:975,0
DA:977,0
DA:978,0
DA:987,0
DA:988,0
DA:989,0
DA:992,0
DA:999,0
DA:1004,0
DA:1005,0
DA:1014,0
DA:1015,0
DA:1016,0
DA:1018,0
DA:1019,0
DA:1023,0
DA:1027,0
DA:1028,0
DA:1029,0
DA:1033,0
DA:1037,0
DA:1038,0
DA:1039,0
DA:1043,0
DA:1047,0
DA:1048,0
DA:1049,0
DA:1053,0
DA:1056,0
DA:1057,0
DA:1058,0
DA:1060,0
DA:1061,0
DA:1071,0
DA:1073,0
DA:1083,0
DA:1088,0
DA:1089,0
DA:1097,0
DA:1098,0
DA:1099,0
DA:1101,0
DA:1102,0
DA:1106,0
DA:1110,0
DA:1111,0
DA:1112,0
DA:1116,0
DA:1119,0
DA:1120,0
DA:1121,0
DA:1123,0
DA:1124,0
DA:1132,0
DA:1134,0
DA:1142,0
DA:1147,0
DA:1148,0
DA:1156,0
DA:1157,0
DA:1158,0
DA:1160,0
DA:1161,0
DA:1162,0
DA:1164,0
DA:1165,0
DA:1167,0
DA:1172,0
DA:1173,0
LF:382
LH:7
BRDA:30,0,0,0
BRDA:30,1,0,0
BRDA:30,1,1,0
BRDA:30,1,2,0
BRDA:30,1,3,0
BRDA:43,2,0,0
BRDA:72,3,0,0
BRDA:72,4,0,0
BRDA:72,4,1,0
BRDA:85,5,0,0
BRDA:114,6,0,0
BRDA:114,7,0,0
BRDA:114,7,1,0
BRDA:127,8,0,0
BRDA:155,9,0,0
BRDA:168,10,0,0
BRDA:197,11,0,0
BRDA:210,12,0,0
BRDA:238,13,0,0
BRDA:238,14,0,0
BRDA:238,14,1,0
BRDA:238,14,2,0
BRDA:256,15,0,0
BRDA:285,16,0,0
BRDA:285,17,0,0
BRDA:285,17,1,0
BRDA:303,18,0,0
BRDA:332,19,0,0
BRDA:332,20,0,0
BRDA:332,20,1,0
BRDA:341,21,0,0
BRDA:354,22,0,0
BRDA:354,22,1,0
BRDA:384,23,0,0
BRDA:384,24,0,0
BRDA:384,24,1,0
BRDA:393,25,0,0
BRDA:434,26,0,0
BRDA:443,27,0,0
BRDA:483,28,0,0
BRDA:483,29,0,0
BRDA:483,29,1,0
BRDA:501,30,0,0
BRDA:530,31,0,0
BRDA:545,32,0,0
BRDA:545,33,0,0
BRDA:545,33,1,0
BRDA:575,34,0,0
BRDA:575,35,0,0
BRDA:575,35,1,0
BRDA:591,36,0,0
BRDA:591,36,1,0
BRDA:592,37,0,0
BRDA:592,37,1,0
BRDA:619,38,0,0
BRDA:619,39,0,0
BRDA:619,39,1,0
BRDA:619,39,2,0
BRDA:662,40,0,0
BRDA:662,41,0,0
BRDA:662,41,1,0
BRDA:662,41,2,0
BRDA:679,42,0,0
BRDA:679,42,1,0
BRDA:704,43,0,0
BRDA:704,44,0,0
BRDA:704,44,1,0
BRDA:719,45,0,0
BRDA:719,45,1,0
BRDA:746,46,0,0
BRDA:746,47,0,0
BRDA:746,47,1,0
BRDA:762,48,0,0
BRDA:762,48,1,0
BRDA:788,49,0,0
BRDA:798,50,0,0
BRDA:810,51,0,0
BRDA:810,52,0,0
BRDA:810,52,1,0
BRDA:831,53,0,0
BRDA:831,53,1,0
BRDA:832,54,0,0
BRDA:832,54,1,0
BRDA:833,55,0,0
BRDA:833,55,1,0
BRDA:834,56,0,0
BRDA:834,56,1,0
BRDA:839,57,0,0
BRDA:839,57,1,0
BRDA:840,58,0,0
BRDA:840,58,1,0
BRDA:870,59,0,0
BRDA:870,59,1,0
BRDA:873,60,0,0
BRDA:897,61,0,0
BRDA:919,62,0,0
BRDA:919,63,0,0
BRDA:919,63,1,0
BRDA:936,64,0,0
BRDA:936,65,0,0
BRDA:936,65,1,0
BRDA:965,66,0,0
BRDA:965,67,0,0
BRDA:965,67,1,0
BRDA:983,68,0,0
BRDA:983,68,1,0
BRDA:984,69,0,0
BRDA:984,69,1,0
BRDA:988,70,0,0
BRDA:1018,71,0,0
BRDA:1028,72,0,0
BRDA:1028,73,0,0
BRDA:1028,73,1,0
BRDA:1038,74,0,0
BRDA:1038,75,0,0
BRDA:1038,75,1,0
BRDA:1048,76,0,0
BRDA:1048,77,0,0
BRDA:1048,77,1,0
BRDA:1063,78,0,0
BRDA:1063,78,1,0
BRDA:1064,79,0,0
BRDA:1064,79,1,0
BRDA:1065,80,0,0
BRDA:1065,80,1,0
BRDA:1101,81,0,0
BRDA:1111,82,0,0
BRDA:1111,83,0,0
BRDA:1111,83,1,0
BRDA:1126,84,0,0
BRDA:1126,84,1,0
BRDA:1158,85,0,0
BRDA:1158,85,1,0
BRF:133
BRH:0
end_of_record
TN:
SF:src\controllers\ActivityController.ts
FN:21,(anonymous_10)
FN:66,(anonymous_11)
FN:94,(anonymous_12)
FN:100,(anonymous_13)
FN:163,(anonymous_14)
FN:189,(anonymous_15)
FN:229,(anonymous_16)
FN:277,(anonymous_17)
FNF:8
FNH:0
FNDA:0,(anonymous_10)
FNDA:0,(anonymous_11)
FNDA:0,(anonymous_12)
FNDA:0,(anonymous_13)
FNDA:0,(anonymous_14)
FNDA:0,(anonymous_15)
FNDA:0,(anonymous_16)
FNDA:0,(anonymous_17)
DA:8,1
DA:9,1
DA:10,1
DA:11,1
DA:12,1
DA:13,1
DA:14,1
DA:16,1
DA:22,0
DA:23,0
DA:26,0
DA:27,0
DA:28,0
DA:31,0
DA:32,0
DA:33,0
DA:34,0
DA:35,0
DA:38,0
DA:39,0
DA:40,0
DA:41,0
DA:42,0
DA:43,0
DA:44,0
DA:45,0
DA:49,0
DA:57,0
DA:58,0
DA:59,0
DA:60,0
DA:61,0
DA:62,0
DA:63,0
DA:64,0
DA:66,0
DA:67,0
DA:68,0
DA:70,0
DA:85,0
DA:86,0
DA:95,0
DA:96,0
DA:97,0
DA:98,0
DA:100,0
DA:103,0
DA:119,0
DA:160,0
DA:161,0
DA:163,0
DA:164,0
DA:165,0
DA:168,0
DA:170,0
DA:180,0
DA:181,0
DA:190,0
DA:191,0
DA:192,0
DA:193,0
DA:196,0
DA:197,0
DA:201,0
DA:202,0
DA:204,0
DA:205,0
DA:209,0
DA:213,0
DA:214,0
DA:215,0
DA:216,0
DA:217,0
DA:220,0
DA:221,0
DA:222,0
DA:223,0
DA:224,0
DA:225,0
DA:226,0
DA:229,0
DA:232,0
DA:237,0
DA:239,0
DA:240,0
DA:242,0
DA:258,0
DA:259,0
DA:262,0
DA:274,0
DA:277,0
DA:278,0
DA:279,0
DA:280,0
DA:282,0
DA:294,0
DA:297,0
DA:301,0
DA:321,0
DA:322,0
LF:100
LH:8
BRDA:26,0,0,0
BRDA:26,0,1,0
BRDA:27,1,0,0
BRDA:27,1,1,0
BRDA:33,2,0,0
BRDA:33,2,1,0
BRDA:34,3,0,0
BRDA:34,3,1,0
BRDA:35,4,0,0
BRDA:35,4,1,0
BRDA:39,5,0,0
BRDA:40,6,0,0
BRDA:41,7,0,0
BRDA:42,8,0,0
BRDA:42,9,0,0
BRDA:42,9,1,0
BRDA:44,10,0,0
BRDA:45,11,0,0
BRDA:58,12,0,0
BRDA:59,13,0,0
BRDA:60,14,0,0
BRDA:61,15,0,0
BRDA:61,16,0,0
BRDA:61,16,1,0
BRDA:63,17,0,0
BRDA:64,18,0,0
BRDA:168,19,0,0
BRDA:168,19,1,0
BRDA:196,20,0,0
BRDA:196,21,0,0
BRDA:196,21,1,0
BRDA:204,22,0,0
BRDA:213,23,0,0
BRDA:213,23,1,0
BRDA:214,24,0,0
BRDA:214,24,1,0
BRDA:215,25,0,0
BRDA:215,25,1,0
BRDA:217,26,0,0
BRDA:217,26,1,0
BRDA:221,27,0,0
BRDA:222,28,0,0
BRDA:223,29,0,0
BRDA:223,30,0,0
BRDA:223,30,1,0
BRDA:225,31,0,0
BRDA:226,32,0,0
BRDA:237,33,0,0
BRDA:237,33,1,0
BRDA:280,34,0,0
BRDA:280,34,1,0
BRDA:285,35,0,0
BRDA:285,35,1,0
BRDA:286,36,0,0
BRDA:286,36,1,0
BRDA:288,37,0,0
BRDA:288,37,1,0
BRDA:289,38,0,0
BRDA:289,38,1,0
BRDA:290,39,0,0
BRDA:290,39,1,0
BRF:61
BRH:0
end_of_record
TN:
SF:src\controllers\AnalyticsController.ts
FN:15,(anonymous_9)
FN:39,(anonymous_10)
FN:63,(anonymous_11)
FN:101,(anonymous_12)
FN:122,(anonymous_13)
FN:151,(anonymous_14)
FN:157,(anonymous_15)
FN:158,(anonymous_16)
FN:159,(anonymous_17)
FN:210,(anonymous_18)
FN:238,(anonymous_19)
FN:308,(anonymous_20)
FN:313,(anonymous_21)
FN:314,(anonymous_22)
FN:315,(anonymous_23)
FN:368,(anonymous_24)
FN:388,(anonymous_25)
FN:428,(anonymous_26)
FN:448,(anonymous_27)
FN:450,(anonymous_28)
FN:469,(anonymous_29)
FN:495,(anonymous_30)
FN:496,(anonymous_31)
FN:497,(anonymous_32)
FN:502,(anonymous_33)
FN:568,(anonymous_34)
FNF:26
FNH:21
FNDA:7,(anonymous_9)
FNDA:0,(anonymous_10)
FNDA:0,(anonymous_11)
FNDA:0,(anonymous_12)
FNDA:2,(anonymous_13)
FNDA:1,(anonymous_14)
FNDA:1,(anonymous_15)
FNDA:1,(anonymous_16)
FNDA:1,(anonymous_17)
FNDA:1,(anonymous_18)
FNDA:3,(anonymous_19)
FNDA:2,(anonymous_20)
FNDA:2,(anonymous_21)
FNDA:2,(anonymous_22)
FNDA:2,(anonymous_23)
FNDA:1,(anonymous_24)
FNDA:0,(anonymous_25)
FNDA:2,(anonymous_26)
FNDA:2,(anonymous_27)
FNDA:1,(anonymous_28)
FNDA:3,(anonymous_29)
FNDA:1,(anonymous_30)
FNDA:1,(anonymous_31)
FNDA:1,(anonymous_32)
FNDA:2,(anonymous_33)
FNDA:0,(anonymous_34)
DA:7,2
DA:8,2
DA:10,2
DA:16,7
DA:17,7
DA:18,7
DA:20,7
DA:21,7
DA:23,7
DA:25,7
DA:30,0
DA:31,0
DA:40,0
DA:41,0
DA:42,0
DA:44,0
DA:45,0
DA:47,0
DA:49,0
DA:54,0
DA:55,0
DA:64,0
DA:65,0
DA:66,0
DA:68,0
DA:69,0
DA:73,0
DA:76,0
DA:77,0
DA:78,0
DA:80,0
DA:87,0
DA:92,0
DA:93,0
DA:102,0
DA:103,0
DA:104,0
DA:106,0
DA:108,0
DA:113,0
DA:114,0
DA:123,2
DA:124,2
DA:125,2
DA:127,2
DA:128,2
DA:132,2
DA:134,2
DA:142,0
DA:143,0
DA:152,1
DA:153,1
DA:154,1
DA:157,2
DA:158,2
DA:159,2
DA:162,1
DA:167,1
DA:168,0
DA:172,1
DA:202,1
DA:203,1
DA:204,1
DA:210,1
DA:218,0
DA:221,1
DA:229,0
DA:230,0
DA:239,3
DA:240,3
DA:248,3
DA:251,3
DA:252,3
DA:253,3
DA:254,3
DA:256,3
DA:257,1
DA:263,1
DA:268,2
DA:269,2
DA:270,0
DA:276,0
DA:279,2
DA:280,2
DA:281,2
DA:282,2
DA:284,2
DA:294,2
DA:299,0
DA:300,0
DA:309,2
DA:310,2
DA:311,2
DA:313,4
DA:314,4
DA:315,4
DA:318,2
DA:323,2
DA:324,1
DA:329,1
DA:333,1
DA:334,1
DA:335,0
DA:340,0
DA:343,1
DA:346,1
DA:347,0
DA:353,0
DA:358,1
DA:368,1
DA:379,0
DA:380,0
DA:389,0
DA:390,0
DA:396,0
DA:398,0
DA:400,0
DA:401,0
DA:402,0
DA:404,0
DA:414,0
DA:419,0
DA:420,0
DA:429,2
DA:430,2
DA:431,2
DA:433,2
DA:434,2
DA:435,2
DA:437,2
DA:447,2
DA:448,2
DA:450,1
DA:455,2
DA:460,0
DA:461,0
DA:470,3
DA:471,3
DA:472,3
DA:474,3
DA:475,0
DA:480,0
DA:483,3
DA:485,3
DA:486,2
DA:492,2
DA:495,2
DA:496,2
DA:497,2
DA:499,1
DA:502,2
DA:534,1
DA:535,0
DA:540,0
DA:544,1
DA:545,2
DA:546,0
DA:554,1
DA:559,0
DA:560,0
DA:569,0
DA:570,0
DA:571,0
DA:572,0
DA:574,0
DA:575,0
DA:579,0
DA:582,0
DA:588,0
DA:594,0
DA:595,0
LF:171
LH:93
BRDA:20,0,0,0
BRDA:20,0,1,7
BRDA:21,1,0,0
BRDA:21,1,1,7
BRDA:44,2,0,0
BRDA:44,2,1,0
BRDA:45,3,0,0
BRDA:45,3,1,0
BRDA:68,4,0,0
BRDA:68,5,0,0
BRDA:68,5,1,0
BRDA:78,6,0,0
BRDA:78,6,1,0
BRDA:125,7,0,1
BRDA:127,8,0,2
BRDA:127,8,1,0
BRDA:128,9,0,2
BRDA:128,9,1,0
BRDA:137,10,0,2
BRDA:137,10,1,0
BRDA:138,11,0,2
BRDA:138,11,1,0
BRDA:167,12,0,0
BRDA:211,13,0,1
BRDA:211,13,1,1
BRDA:245,14,0,3
BRDA:246,15,0,3
BRDA:251,16,0,3
BRDA:251,17,0,3
BRDA:251,17,1,3
BRDA:256,18,0,1
BRDA:269,19,0,0
BRDA:279,20,0,2
BRDA:279,20,1,0
BRDA:280,21,0,2
BRDA:280,21,1,0
BRDA:281,22,0,1
BRDA:281,22,1,1
BRDA:282,23,0,0
BRDA:282,23,1,2
BRDA:323,24,0,1
BRDA:334,25,0,0
BRDA:346,26,0,0
BRDA:395,27,0,0
BRDA:400,28,0,0
BRDA:400,28,1,0
BRDA:401,29,0,0
BRDA:401,29,1,0
BRDA:402,30,0,0
BRDA:402,30,1,0
BRDA:433,31,0,2
BRDA:433,31,1,0
BRDA:434,32,0,2
BRDA:434,32,1,0
BRDA:435,33,0,0
BRDA:435,33,1,2
BRDA:474,34,0,0
BRDA:485,35,0,2
BRDA:485,36,0,3
BRDA:485,36,1,2
BRDA:534,37,0,0
BRDA:545,38,0,0
BRDA:574,39,0,0
BRF:63
BRH:27
end_of_record
TN:
SF:src\controllers\ApiKeyController.ts
FN:19,(anonymous_10)
FN:83,(anonymous_11)
FN:110,(anonymous_12)
FN:117,(anonymous_13)
FN:145,(anonymous_14)
FN:184,(anonymous_15)
FN:244,(anonymous_16)
FN:264,(anonymous_17)
FN:280,(anonymous_18)
FN:299,(anonymous_19)
FN:314,(anonymous_20)
FN:349,(anonymous_21)
FN:378,(anonymous_22)
FN:410,(anonymous_23)
FN:412,(anonymous_24)
FNF:15
FNH:0
FNDA:0,(anonymous_10)
FNDA:0,(anonymous_11)
FNDA:0,(anonymous_12)
FNDA:0,(anonymous_13)
FNDA:0,(anonymous_14)
FNDA:0,(anonymous_15)
FNDA:0,(anonymous_16)
FNDA:0,(anonymous_17)
FNDA:0,(anonymous_18)
FNDA:0,(anonymous_19)
FNDA:0,(anonymous_20)
FNDA:0,(anonymous_21)
FNDA:0,(anonymous_22)
FNDA:0,(anonymous_23)
FNDA:0,(anonymous_24)
DA:8,1
DA:9,1
DA:10,1
DA:11,1
DA:12,1
DA:14,1
DA:20,0
DA:21,0
DA:22,0
DA:23,0
DA:26,0
DA:27,0
DA:31,0
DA:32,0
DA:36,0
DA:37,0
DA:38,0
DA:40,0
DA:41,0
DA:46,0
DA:47,0
DA:48,0
DA:49,0
DA:51,0
DA:52,0
DA:57,0
DA:67,0
DA:74,0
DA:86,0
DA:102,0
DA:111,0
DA:112,0
DA:114,0
DA:116,0
DA:117,0
DA:137,0
DA:146,0
DA:147,0
DA:148,0
DA:150,0
DA:152,0
DA:176,0
DA:185,0
DA:186,0
DA:187,0
DA:188,0
DA:191,0
DA:192,0
DA:193,0
DA:194,0
DA:195,0
DA:197,0
DA:199,0
DA:200,0
DA:201,0
DA:203,0
DA:204,0
DA:206,0
DA:208,0
DA:210,0
DA:211,0
DA:214,0
DA:216,0
DA:222,0
DA:236,0
DA:245,0
DA:246,0
DA:247,0
DA:248,0
DA:250,0
DA:252,0
DA:259,0
DA:266,0
DA:272,0
DA:281,0
DA:282,0
DA:283,0
DA:285,0
DA:287,0
DA:294,0
DA:301,0
DA:306,0
DA:315,0
DA:316,0
DA:317,0
DA:318,0
DA:321,0
DA:322,0
DA:323,0
DA:326,0
DA:332,0
DA:340,0
DA:352,0
DA:370,0
DA:379,0
DA:380,0
DA:381,0
DA:384,0
DA:388,0
DA:392,0
DA:394,0
DA:402,0
DA:411,0
DA:412,0
DA:414,0
DA:415,0
DA:417,0
DA:423,0
LF:108
LH:6
BRDA:26,0,0,0
BRDA:26,1,0,0
BRDA:26,1,1,0
BRDA:31,2,0,0
BRDA:31,3,0,0
BRDA:31,3,1,0
BRDA:36,4,0,0
BRDA:37,5,0,0
BRDA:37,6,0,0
BRDA:37,6,1,0
BRDA:40,7,0,0
BRDA:40,8,0,0
BRDA:40,8,1,0
BRDA:46,9,0,0
BRDA:48,10,0,0
BRDA:51,11,0,0
BRDA:63,12,0,0
BRDA:63,12,1,0
BRDA:192,13,0,0
BRDA:193,14,0,0
[...]
BRDA:73,2,0,0
BRDA:75,3,0,0
BRDA:84,4,0,0
BRDA:84,5,0,0
BRDA:84,5,1,0
BRDA:107,6,0,0
BRDA:108,7,0,0
BRDA:108,7,1,0
BRDA:108,7,2,0
BRDA:116,8,0,0
BRDA:120,9,0,0
BRDA:133,10,0,0
BRDA:152,11,0,0
BRDA:160,12,0,0
BRDA:160,12,1,0
BRF:17
BRH:0
end_of_record
TN:
SF:src\utils\ffmpeg.ts
FN:25,extractVideoMetadata
FN:26,(anonymous_2)
FN:27,(anonymous_3)
FN:35,(anonymous_4)
FN:62,generateThumbnail
FN:67,(anonymous_6)
FN:70,(anonymous_7)
FN:80,(anonymous_8)
FN:84,(anonymous_9)
FN:100,trimVideo
FN:106,(anonymous_11)
FN:119,(anonymous_12)
FN:131,(anonymous_13)
FN:141,(anonymous_14)
FN:158,generateMultipleThumbnails
FN:206,generatePercentageThumbnails
FN:217,(anonymous_17)
FN:227,(anonymous_18)
FN:243,generateComprehensiveThumbnails
FN:265,(anonymous_20)
FN:271,(anonymous_21)
FN:274,(anonymous_22)
FN:278,(anonymous_23)
FNF:23
FNH:0
FNDA:0,extractVideoMetadata
FNDA:0,(anonymous_2)
FNDA:0,(anonymous_3)
FNDA:0,(anonymous_4)
FNDA:0,generateThumbnail
FNDA:0,(anonymous_6)
FNDA:0,(anonymous_7)
FNDA:0,(anonymous_8)
FNDA:0,(anonymous_9)
FNDA:0,trimVideo
FNDA:0,(anonymous_11)
FNDA:0,(anonymous_12)
FNDA:0,(anonymous_13)
FNDA:0,(anonymous_14)
FNDA:0,generateMultipleThumbnails
FNDA:0,generatePercentageThumbnails
FNDA:0,(anonymous_17)
FNDA:0,(anonymous_18)
FNDA:0,generateComprehensiveThumbnails
FNDA:0,(anonymous_20)
FNDA:0,(anonymous_21)
FNDA:0,(anonymous_22)
FNDA:0,(anonymous_23)
DA:6,1
DA:7,1
DA:8,1
DA:9,1
DA:10,1
DA:13,1
DA:25,1
DA:26,0
DA:27,0
DA:28,0
DA:29,0
DA:30,0
DA:31,0
DA:34,0
DA:35,0
DA:36,0
DA:37,0
DA:40,0
DA:41,0
DA:42,0
DA:43,0
DA:45,0
DA:52,0
DA:53,0
DA:62,1
DA:67,0
DA:69,0
DA:70,0
DA:74,0
DA:81,0
DA:82,0
DA:85,0
DA:91,0
DA:100,1
DA:106,0
DA:107,0
DA:108,0
DA:109,0
DA:112,0
DA:113,0
DA:114,0
DA:118,0
DA:119,0
DA:123,0
DA:125,0
DA:132,0
DA:139,0
DA:142,0
DA:149,0
DA:158,1
DA:163,0
DA:166,0
DA:168,0
DA:169,0
DA:171,0
DA:172,0
DA:176,0
DA:177,0
DA:178,0
DA:179,0
DA:181,0
DA:182,0
DA:183,0
DA:186,0
DA:192,0
DA:200,0
DA:206,1
DA:211,0
DA:213,0
DA:214,0
DA:217,0
DA:218,0
DA:220,0
DA:224,0
DA:227,0
DA:232,0
DA:236,0
DA:243,1
DA:247,0
DA:248,0
DA:249,0
DA:251,0
DA:254,0
DA:255,0
DA:256,0
DA:257,0
DA:262,0
DA:263,0
DA:264,0
DA:265,0
DA:266,0
DA:271,0
DA:274,0
DA:275,0
DA:278,0
DA:283,0
DA:287,0
LF:97
LH:12
BRDA:28,0,0,0
BRDA:36,1,0,0
BRDA:40,2,0,0
BRDA:40,2,1,0
BRDA:41,3,0,0
BRDA:41,3,1,0
BRDA:42,4,0,0
BRDA:42,4,1,0
BRDA:43,5,0,0
BRDA:43,5,1,0
BRDA:43,6,0,0
BRDA:43,6,1,0
BRDA:65,7,0,0
BRDA:107,8,0,0
BRDA:112,9,0,0
BRDA:176,10,0,0
BRDA:176,10,1,0
BRDA:178,11,0,0
BRDA:178,11,1,0
BRDA:183,12,0,0
BRDA:183,12,1,0
BRDA:195,13,0,0
BRDA:195,13,1,0
BRDA:209,14,0,0
BRDA:229,15,0,0
BRDA:229,15,1,0
BRDA:234,16,0,0
BRDA:234,16,1,0
BRDA:256,17,0,0
BRDA:265,18,0,0
BRDA:265,19,0,0
BRDA:265,19,1,0
BRDA:265,19,2,0
BRDA:280,20,0,0
BRDA:280,20,1,0
BRDA:285,21,0,0
BRDA:285,21,1,0
BRF:37
BRH:0
end_of_record
TN:
SF:src\utils\gracefulShutdown.ts
FN:16,gracefulShutdown
FN:34,(anonymous_11)
FN:42,(anonymous_12)
FN:43,(anonymous_13)
FN:58,(anonymous_14)
FN:116,registerShutdownHandlers
FN:118,(anonymous_16)
FN:124,(anonymous_17)
FN:130,(anonymous_18)
FN:139,(anonymous_19)
FNF:10
FNH:0
FNDA:0,gracefulShutdown
FNDA:0,(anonymous_11)
FNDA:0,(anonymous_12)
FNDA:0,(anonymous_13)
FNDA:0,(anonymous_14)
FNDA:0,registerShutdownHandlers
FNDA:0,(anonymous_16)
FNDA:0,(anonymous_17)
FNDA:0,(anonymous_18)
FNDA:0,(anonymous_19)
DA:2,0
DA:3,0
DA:4,0
DA:5,0
DA:14,0
DA:16,0
DA:21,0
DA:22,0
DA:23,0
DA:26,0
DA:28,0
DA:34,0
DA:35,0
DA:36,0
DA:39,0
DA:41,0
DA:42,0
DA:43,0
DA:44,0
DA:45,0
DA:46,0
DA:48,0
DA:49,0
DA:55,0
DA:56,0
DA:58,0
DA:59,0
DA:60,0
DA:62,0
DA:66,0
DA:67,0
DA:68,0
DA:69,0
DA:70,0
DA:71,0
DA:74,0
DA:78,0
DA:79,0
DA:80,0
DA:81,0
DA:82,0
DA:83,0
DA:86,0
DA:90,0
DA:91,0
DA:92,0
DA:93,0
DA:95,0
DA:99,0
DA:101,0
DA:102,0
DA:104,0
DA:105,0
DA:109,0
DA:116,0
DA:118,0
DA:119,0
DA:120,0
DA:124,0
DA:125,0
DA:126,0
DA:130,0
DA:131,0
DA:135,0
DA:139,0
DA:140,0
DA:144,0
DA:147,0
LF:68
LH:0
BRDA:21,0,0,0
BRDA:44,1,0,0
BRDA:44,1,1,0
BRDA:69,2,0,0
BRDA:81,3,0,0
BRDA:141,4,0,0
BRDA:141,4,1,0
BRF:7
BRH:0
end_of_record
TN:
SF:src\utils\ipHash.ts
FN:18,hashIpAddress
FN:35,getClientIp
FN:61,getHashedClientIp
FNF:3
FNH:3
FNDA:5,hashIpAddress
FNDA:12,getClientIp
FNDA:5,getHashedClientIp
DA:8,2
DA:9,2
DA:18,2
DA:19,5
DA:21,5
DA:35,2
DA:37,12
DA:38,12
DA:40,0
DA:41,0
DA:45,12
DA:46,12
DA:47,0
DA:51,12
DA:61,2
DA:62,5
DA:63,5
LF:17
LH:14
BRDA:19,0,0,5
BRDA:19,0,1,5
BRDA:38,1,0,0
BRDA:40,2,0,0
BRDA:40,2,1,0
BRDA:46,3,0,0
BRDA:47,4,0,0
BRDA:47,4,1,0
BRDA:51,5,0,12
BRDA:51,5,1,12
BRDA:51,5,2,12
BRF:11
BRH:5
end_of_record
TN:
SF:src\utils\languageDetection.ts
FN:65,detectLanguage
FN:71,(anonymous_1)
FN:80,(anonymous_2)
FN:85,(anonymous_3)
FN:86,(anonymous_4)
FN:94,(anonymous_5)
FN:95,(anonymous_6)
FN:104,(anonymous_7)
FN:118,getLanguageName
FN:119,(anonymous_9)
FN:126,getSupportedLanguages
FN:127,(anonymous_11)
FNF:12
FNH:0
FNDA:0,detectLanguage
FNDA:0,(anonymous_1)
FNDA:0,(anonymous_2)
FNDA:0,(anonymous_3)
FNDA:0,(anonymous_4)
FNDA:0,(anonymous_5)
FNDA:0,(anonymous_6)
FNDA:0,(anonymous_7)
FNDA:0,getLanguageName
FNDA:0,(anonymous_9)
FNDA:0,getSupportedLanguages
FNDA:0,(anonymous_11)
DA:14,1
DA:65,1
DA:66,0
DA:67,0
DA:70,0
DA:71,0
DA:73,0
DA:74,0
DA:77,0
DA:80,0
DA:81,0
DA:85,0
DA:86,0
DA:87,0
DA:88,0
DA:89,0
DA:94,0
DA:95,0
DA:96,0
DA:101,0
DA:102,0
DA:104,0
DA:105,0
DA:106,0
DA:107,0
DA:112,0
DA:118,1
DA:119,0
DA:120,0
DA:126,1
DA:127,0
LF:31
LH:4
BRDA:66,0,0,0
BRDA:66,1,0,0
BRDA:66,1,1,0
BRDA:73,2,0,0
BRDA:88,3,0,0
BRDA:105,4,0,0
BRDA:112,5,0,0
BRDA:112,5,1,0
BRDA:120,6,0,0
BRDA:120,6,1,0
BRF:10
BRH:0
end_of_record
TN:
SF:src\utils\logger.ts
FN:9,(anonymous_1)
FN:37,(anonymous_2)
FN:80,(anonymous_3)
FN:81,(anonymous_4)
FN:88,(anonymous_5)
FN:98,(anonymous_6)
FN:108,(anonymous_7)
FN:135,(anonymous_8)
FN:155,(anonymous_9)
FN:230,(anonymous_10)
FNF:10
FNH:6
FNDA:0,(anonymous_1)
FNDA:188,(anonymous_2)
FNDA:411,(anonymous_3)
FNDA:10275,(anonymous_4)
FNDA:0,(anonymous_5)
FNDA:241,(anonymous_6)
FNDA:5,(anonymous_7)
FNDA:188,(anonymous_8)
FNDA:0,(anonymous_9)
FNDA:0,(anonymous_10)
DA:1,20
DA:2,20
DA:3,20
DA:4,20
DA:6,20
DA:9,20
DA:10,0
DA:13,0
DA:14,0
DA:18,0
DA:19,0
DA:22,0
DA:37,20
DA:38,188
DA:80,188
DA:81,10275
DA:88,188
DA:89,0
DA:90,0
DA:92,0
DA:98,188
DA:100,241
DA:102,241
DA:103,5
DA:107,236
DA:108,5
DA:112,233
DA:113,233
DA:114,411
DA:116,0
DA:117,0
DA:119,0
DA:121,411
DA:123,48
DA:126,363
DA:129,233
DA:135,188
DA:136,188
DA:139,188
DA:145,188
DA:151,188
DA:152,188
DA:155,188
DA:156,0
DA:159,188
DA:163,188
DA:164,188
DA:168,188
DA:169,188
DA:171,188
DA:181,20
DA:184,20
DA:189,20
DA:190,20
DA:198,20
DA:209,20
DA:221,20
DA:229,20
DA:231,0
LF:59
LH:45
BRDA:13,0,0,0
BRDA:18,1,0,0
BRDA:89,2,0,0
BRDA:98,3,0,188
BRDA:100,4,0,0
BRDA:102,5,0,5
BRDA:102,6,0,241
BRDA:102,6,1,236
BRDA:107,7,0,3
BRDA:114,8,0,0
BRDA:114,8,1,411
BRDA:116,9,0,0
BRDA:116,9,1,0
BRDA:121,10,0,48
BRDA:121,10,1,363
BRDA:121,11,0,411
BRDA:121,11,1,48
BRDA:163,12,0,188
BRDA:184,13,0,0
BRDA:184,13,1,20
BRDA:189,14,0,20
BRF:21
BRH:13
end_of_record
TN:
SF:src\utils\ownerGuard.ts
FN:16,isOwner
FN:26,isAdminOrOwner
FN:37,requireOwner
FN:50,requireAdminOrOwner
FNF:4
FNH:2
FNDA:3,isOwner
FNDA:0,isAdminOrOwner
FNDA:3,requireOwner
FNDA:0,requireAdminOrOwner
DA:8,3
DA:16,3
DA:17,3
DA:26,3
DA:27,0
DA:37,3
DA:38,3
DA:39,1
DA:50,3
DA:51,0
DA:52,0
LF:11
LH:8
BRDA:27,0,0,0
BRDA:27,0,1,0
BRDA:38,1,0,1
BRDA:39,2,0,1
BRDA:39,2,1,0
BRDA:51,3,0,0
BRDA:52,4,0,0
BRDA:52,4,1,0
BRF:8
BRH:2
end_of_record
TN:
SF:src\utils\pagination.ts
FN:31,getPaginationParams
FN:66,formatPaginatedResponse
FN:94,createPaginationMeta
FNF:3
FNH:0
FNDA:0,getPaginationParams
FNDA:0,formatPaginatedResponse
FNDA:0,createPaginationMeta
DA:31,1
DA:33,0
DA:34,0
DA:35,0
DA:39,0
DA:40,0
DA:41,0
DA:43,0
DA:44,0
DA:48,0
DA:50,0
DA:66,1
DA:72,0
DA:74,0
DA:94,1
DA:99,0
DA:101,0
LF:17
LH:3
BRDA:34,0,0,0
BRDA:34,1,0,0
BRDA:34,1,1,0
BRDA:40,2,0,0
BRDA:40,3,0,0
BRDA:40,3,1,0
BRDA:43,4,0,0
BRF:7
BRH:0
end_of_record
TN:
SF:src\utils\piiScrubber.ts
FN:6,scrubPii
FN:10,(anonymous_1)
FNF:2
FNH:2
FNDA:23,scrubPii
FNDA:6,(anonymous_1)
DA:6,5
DA:7,23
DA:10,18
DA:12,6
DA:13,6
DA:14,0
DA:16,6
DA:20,18
DA:23,18
DA:26,18
DA:28,18
LF:11
LH:10
BRDA:7,0,0,5
BRDA:7,1,0,23
BRDA:7,1,1,19
BRDA:13,2,0,0
BRF:4
BRH:3
end_of_record
TN:
SF:src\utils\redisClient.ts
FN:25,(anonymous_1)
FN:35,(anonymous_2)
FN:40,(anonymous_3)
FN:53,(anonymous_4)
FN:60,(anonymous_5)
FN:65,(anonymous_6)
FN:72,(anonymous_7)
FN:77,(anonymous_8)
FN:87,(anonymous_9)
FN:94,(anonymous_10)
FN:110,(anonymous_11)
FNF:11
FNH:0
FNDA:0,(anonymous_1)
FNDA:0,(anonymous_2)
FNDA:0,(anonymous_3)
FNDA:0,(anonymous_4)
FNDA:0,(anonymous_5)
FNDA:0,(anonymous_6)
FNDA:0,(anonymous_7)
FNDA:0,(anonymous_8)
FNDA:0,(anonymous_9)
FNDA:0,(anonymous_10)
FNDA:0,(anonymous_11)
DA:14,3
DA:15,3
DA:16,3
DA:19,3
DA:20,3
DA:26,0
DA:27,0
DA:29,0
DA:36,0
DA:41,0
DA:42,0
DA:43,0
DA:50,0
DA:53,0
DA:54,0
DA:60,0
DA:61,0
DA:62,0
DA:65,0
DA:66,0
DA:72,0
DA:73,0
DA:74,0
DA:77,0
DA:78,0
DA:81,0
DA:88,0
DA:95,0
DA:96,0
DA:97,0
DA:99,0
DA:100,0
DA:102,0
DA:103,0
DA:111,0
DA:112,0
DA:113,0
DA:114,0
DA:116,0
DA:118,0
DA:120,0
DA:121,0
DA:127,3
LF:43
LH:6
BRDA:26,0,0,0
BRDA:88,1,0,0
BRDA:88,1,1,0
BRDA:96,2,0,0
BRDA:111,3,0,0
BRF:5
BRH:0
end_of_record
TN:
SF:src\utils\rollingWindow.ts
FN:12,getRollingWindowDates
FN:27,calcPercentChange
FNF:2
FNH:2
FNDA:2,getRollingWindowDates
FNDA:13,calcPercentChange
DA:7,2
DA:12,2
DA:17,2
DA:18,2
DA:19,2
DA:21,2
DA:27,2
DA:28,13
DA:29,13
DA:30,9
LF:10
LH:10
BRDA:28,0,0,0
BRDA:28,1,0,13
BRDA:28,1,1,4
BRDA:29,2,0,4
BRDA:29,3,0,13
BRDA:29,3,1,4
BRF:6
BRH:5
end_of_record
TN:
SF:src\utils\stalledJobRecovery.ts
FN:14,(anonymous_9)
FN:23,(anonymous_10)
FN:77,(anonymous_11)
FN:115,(anonymous_12)
FN:194,(anonymous_13)
FN:197,(anonymous_14)
FN:228,(anonymous_15)
FN:231,(anonymous_16)
FN:254,(anonymous_17)
FN:281,startStalledJobMonitoring
FN:288,(anonymous_19)
FNF:11
FNH:0
FNDA:0,(anonymous_9)
FNDA:0,(anonymous_10)
FNDA:0,(anonymous_11)
FNDA:0,(anonymous_12)
FNDA:0,(anonymous_13)
FNDA:0,(anonymous_14)
FNDA:0,(anonymous_15)
FNDA:0,(anonymous_16)
FNDA:0,(anonymous_17)
FNDA:0,startStalledJobMonitoring
FNDA:0,(anonymous_19)
DA:2,0
DA:11,0
DA:15,0
DA:24,0
DA:25,0
DA:28,0
DA:30,0
DA:31,0
DA:32,0
DA:35,0
DA:39,0
DA:40,0
DA:42,0
DA:43,0
DA:45,0
DA:47,0
DA:48,0
DA:49,0
DA:51,0
DA:54,0
DA:61,0
DA:67,0
DA:78,0
DA:80,0
DA:83,0
DA:84,0
DA:88,0
DA:89,0
DA:90,0
DA:93,0
DA:94,0
DA:98,0
DA:102,0
DA:104,0
DA:108,0
DA:116,0
DA:117,0
DA:124,0
DA:126,0
DA:128,0
DA:134,0
DA:141,0
DA:143,0
DA:147,0
DA:149,0
DA:151,0
DA:156,0
DA:162,0
DA:166,0
DA:173,0
DA:176,0
DA:178,0
DA:183,0
DA:195,0
DA:197,0
DA:199,0
DA:201,0
DA:202,0
DA:206,0
DA:207,0
DA:211,0
DA:212,0
DA:215,0
DA:217,0
DA:221,0
DA:229,0
DA:231,0
DA:233,0
DA:238,0
DA:243,0
DA:255,0
DA:256,0
DA:258,0
DA:259,0
DA:261,0
DA:262,0
DA:267,0
DA:271,0
DA:281,0
DA:282,0
DA:285,0
DA:288,0
DA:289,0
DA:292,0
DA:294,0
LF:85
LH:0
BRDA:30,0,0,0
BRDA:47,1,0,0
BRDA:47,1,1,0
BRDA:83,2,0,0
BRDA:88,3,0,0
BRDA:93,4,0,0
BRDA:124,5,0,0
BRDA:124,5,1,0
BRDA:126,6,0,0
BRDA:136,7,0,0
BRDA:136,7,1,0
BRDA:149,8,0,0
BRDA:158,9,0,0
BRDA:158,9,1,0
BRDA:173,10,0,0
BRDA:173,10,1,0
BRDA:201,11,0,0
BRDA:206,12,0,0
BRDA:211,13,0,0
BRDA:261,14,0,0
BRF:20
BRH:0
end_of_record
TN:
SF:src\utils\templateVariables.ts
FN:16,extractVariables
FN:35,substituteVariables
FN:41,(anonymous_2)
FN:52,getCommonVariables
FN:80,validateTemplateVariables
FNF:5
FNH:0
FNDA:0,extractVariables
FNDA:0,substituteVariables
FNDA:0,(anonymous_2)
FNDA:0,getCommonVariables
FNDA:0,validateTemplateVariables
DA:16,1
DA:17,0
DA:18,0
DA:21,0
DA:22,0
DA:23,0
DA:24,0
DA:28,0
DA:35,1
DA:39,0
DA:41,0
DA:42,0
DA:43,0
DA:46,0
DA:52,1
DA:53,0
DA:80,1
DA:81,0
DA:84,0
DA:85,0
DA:87,0
DA:88,0
DA:92,0
DA:93,0
DA:94,0
DA:98,0
DA:99,0
DA:100,0
DA:103,0
LF:29
LH:4
BRDA:23,0,0,0
BRDA:84,1,0,0
BRDA:84,1,1,0
BRDA:85,2,0,0
BRDA:85,2,1,0
BRDA:87,3,0,0
BRDA:93,4,0,0
BRDA:99,5,0,0
BRF:8
BRH:0
end_of_record
TN:
SF:src\utils\timeoutGuard.ts
FN:10,(anonymous_0)
FN:24,withTimeout
FN:31,(anonymous_2)
FN:32,(anonymous_3)
FNF:4
FNH:0
FNDA:0,(anonymous_0)
FNDA:0,withTimeout
FNDA:0,(anonymous_2)
FNDA:0,(anonymous_3)
DA:7,0
DA:9,0
DA:11,0
DA:12,0
DA:24,0
DA:29,0
DA:32,0
DA:33,0
DA:38,0
LF:9
LH:0
BRF:0
BRH:0
end_of_record
TN:
SF:src\utils\timezone.utils.ts
FN:17,(anonymous_0)
FN:29,(anonymous_1)
FN:40,(anonymous_2)
FN:56,(anonymous_3)
FN:71,(anonymous_4)
FN:87,(anonymous_5)
FN:102,(anonymous_6)
FN:123,(anonymous_7)
FN:144,(anonymous_8)
FN:165,(anonymous_9)
FN:183,(anonymous_10)
FN:191,(anonymous_11)
FN:197,(anonymous_12)
FN:206,(anonymous_13)
FN:211,(anonymous_14)
FN:231,(anonymous_15)
FNF:16
FNH:0
FNDA:0,(anonymous_0)
FNDA:0,(anonymous_1)
FNDA:0,(anonymous_2)
FNDA:0,(anonymous_3)
FNDA:0,(anonymous_4)
FNDA:0,(anonymous_5)
FNDA:0,(anonymous_6)
FNDA:0,(anonymous_7)
FNDA:0,(anonymous_8)
FNDA:0,(anonymous_9)
FNDA:0,(anonymous_10)
FNDA:0,(anonymous_11)
FNDA:0,(anonymous_12)
FNDA:0,(anonymous_13)
FNDA:0,(anonymous_14)
FNDA:0,(anonymous_15)
DA:12,3
DA:17,3
DA:18,0
DA:19,0
DA:20,0
DA:22,0
DA:29,3
DA:30,0
DA:31,0
DA:33,0
DA:40,3
DA:44,0
DA:46,0
DA:47,0
DA:49,0
DA:56,3
DA:60,0
DA:61,0
DA:62,0
DA:64,0
DA:71,3
DA:72,0
DA:73,0
DA:74,0
DA:75,0
DA:76,0
DA:77,0
DA:78,0
DA:80,0
DA:87,3
DA:92,0
DA:93,0
DA:95,0
DA:102,3
DA:106,0
DA:107,0
DA:108,0
DA:109,0
DA:110,0
DA:112,0
DA:113,0
DA:123,3
DA:127,0
DA:128,0
DA:129,0
DA:130,0
DA:131,0
DA:133,0
DA:134,0
DA:144,3
DA:148,0
DA:149,0
DA:150,0
DA:151,0
DA:152,0
DA:154,0
DA:155,0
DA:165,3
DA:171,0
DA:172,0
DA:173,0
DA:174,0
DA:176,0
DA:183,3
DA:184,0
DA:185,0
DA:186,0
DA:189,0
DA:191,0
DA:192,0
DA:195,0
DA:196,0
DA:197,0
DA:198,0
DA:206,3
DA:207,0
DA:208,0
DA:209,0
DA:211,0
DA:212,0
DA:215,0
DA:216,0
DA:220,0
DA:221,0
DA:222,0
DA:224,0
DA:231,3
DA:232,0
DA:233,0
DA:235,0
LF:90
LH:14
BRDA:77,0,0,0
BRDA:77,0,1,0
BRDA:90,1,0,0
BRDA:168,2,0,0
BRDA:169,3,0,0
BRDA:174,4,0,0
BRDA:174,4,1,0
BRDA:215,5,0,0
BRDA:231,6,0,0
BRDA:232,7,0,0
BRF:10
BRH:0
end_of_record
TN:
SF:src\utils\workerCrashRecovery.ts
FN:22,(anonymous_9)
FN:29,(anonymous_10)
FN:62,(anonymous_11)
FN:63,(anonymous_12)
FN:168,(anonymous_13)
FNF:5
FNH:0
FNDA:0,(anonymous_9)
FNDA:0,(anonymous_10)
FNDA:0,(anonymous_11)
FNDA:0,(anonymous_12)
FNDA:0,(anonymous_13)
DA:9,0
DA:10,0
DA:19,0
DA:23,0
DA:30,0
DA:37,0
DA:38,0
DA:42,0
DA:43,0
DA:46,0
DA:47,0
DA:49,0
DA:50,0
DA:53,0
DA:56,0
DA:62,0
DA:63,0
DA:66,0
DA:67,0
DA:68,0
DA:71,0
DA:73,0
DA:74,0
DA:78,0
DA:79,0
DA:80,0
DA:84,0
DA:85,0
DA:90,0
DA:91,0
DA:92,0
DA:96,0
DA:97,0
DA:102,0
DA:103,0
DA:104,0
DA:108,0
DA:109,0
DA:113,0
DA:114,0
DA:115,0
DA:119,0
DA:120,0
DA:121,0
DA:125,0
DA:132,0
DA:139,0
DA:141,0
DA:145,0
DA:149,0
DA:154,0
DA:156,0
DA:161,0
DA:169,0
DA:170,0
DA:171,0
DA:173,0
DA:175,0
DA:176,0
DA:182,0
DA:184,0
DA:188,0
LF:62
LH:0
BRDA:49,0,0,0
BRDA:73,1,0,0
BRDA:84,2,0,0
BRDA:96,3,0,0
BRDA:102,4,0,0
BRDA:102,4,1,0
BRDA:108,5,0,0
BRDA:175,6,0,0
BRF:8
BRH:0
end_of_record
TN:
SF:src\validators\VideoValidator.ts
FN:61,(anonymous_1)
FN:119,(anonymous_2)
FN:139,(anonymous_3)
FN:158,(anonymous_4)
FN:185,(anonymous_5)
FN:204,(anonymous_6)
FN:239,(anonymous_7)
FNF:7
FNH:0
FNDA:0,(anonymous_1)
FNDA:0,(anonymous_2)
FNDA:0,(anonymous_3)
FNDA:0,(anonymous_4)
FNDA:0,(anonymous_5)
FNDA:0,(anonymous_6)
FNDA:0,(anonymous_7)
DA:1,0
DA:2,0
DA:3,0
DA:4,0
DA:5,0
DA:7,0
DA:46,0
DA:47,0
DA:48,0
DA:49,0
DA:50,0
DA:51,0
DA:52,0
DA:62,0
DA:65,0
DA:66,0
DA:67,0
DA:71,0
DA:72,0
DA:73,0
DA:77,0
DA:78,0
DA:82,0
DA:83,0
DA:85,0
DA:86,0
DA:87,0
DA:90,0
DA:91,0
DA:92,0
DA:95,0
DA:96,0
DA:97,0
DA:100,0
DA:107,0
DA:120,0
DA:122,0
DA:123,0
DA:130,0
DA:140,0
DA:141,0
DA:142,0
DA:149,0
DA:159,0
DA:160,0
DA:167,0
DA:168,0
DA:175,0
DA:186,0
DA:187,0
DA:194,0
DA:205,0
DA:208,0
DA:209,0
DA:212,0
DA:213,0
DA:214,0
DA:215,0
DA:218,0
DA:219,0
DA:221,0
DA:222,0
DA:229,0
DA:240,0
DA:242,0
DA:244,0
DA:245,0
DA:248,0
DA:252,0
DA:254,0
DA:255,0
DA:258,0
DA:261,0
DA:262,0
DA:263,0
DA:266,0
DA:267,0
DA:270,0
DA:278,0
DA:279,0
DA:280,0
LF:81
LH:0
BRDA:66,0,0,0
BRDA:72,1,0,0
BRDA:77,2,0,0
BRDA:86,3,0,0
BRDA:91,4,0,0
BRDA:96,5,0,0
BRDA:122,6,0,0
BRDA:140,7,0,0
BRDA:159,8,0,0
BRDA:167,9,0,0
BRDA:186,10,0,0
BRDA:186,11,0,0
BRDA:186,11,1,0
BRDA:218,12,0,0
BRDA:218,12,1,0
BRDA:219,13,0,0
BRDA:219,13,1,0
BRDA:221,14,0,0
BRDA:221,15,0,0
BRDA:221,15,1,0
BRDA:254,16,0,0
BRDA:254,17,0,0
BRDA:254,17,1,0
BRDA:262,18,0,0
BRDA:262,19,0,0
BRDA:262,19,1,0
BRDA:271,20,0,0
BRDA:271,20,1,0
BRDA:272,21,0,0
BRDA:272,21,1,0
BRDA:273,22,0,0
BRDA:273,22,1,0
BRDA:274,23,0,0
BRDA:274,23,1,0
BRDA:278,24,0,0
BRF:35
BRH:0
end_of_record
TN:
SF:src\validators\auth.validators.ts
FN:93,(anonymous_0)
FNF:1
FNH:0
FNDA:0,(anonymous_0)
DA:1,1
DA:2,1
DA:7,1
DA:28,1
DA:42,1
DA:51,1
DA:61,1
DA:70,1
DA:80,1
DA:89,1
DA:95,0
DA:103,1
DA:136,1
DA:155,1
DA:163,1
DA:173,1
DA:182,1
LF:17
LH:16
BRDA:95,0,0,0
BRDA:95,0,1,0
BRF:2
BRH:0
end_of_record
TN:
SF:src\validators\blackoutDateValidators.ts
FN:13,(anonymous_0)
FN:50,(anonymous_1)
FN:52,(anonymous_2)
FN:92,(anonymous_3)
FN:130,(anonymous_4)
FN:132,(anonymous_5)
FNF:6
FNH:0
FNDA:0,(anonymous_0)
FNDA:0,(anonymous_1)
FNDA:0,(anonymous_2)
FNDA:0,(anonymous_3)
FNDA:0,(anonymous_4)
FNDA:0,(anonymous_5)
DA:1,1
DA:3,1
DA:14,0
DA:15,0
DA:17,0
DA:51,0
DA:52,0
DA:53,0
DA:80,1
DA:93,0
DA:94,0
DA:96,0
DA:131,0
DA:132,0
DA:133,0
DA:165,1
DA:176,1
LF:17
LH:5
BRDA:14,0,0,0
BRDA:51,1,0,0
BRDA:53,2,0,0
BRDA:53,2,1,0
BRDA:53,2,2,0
BRDA:93,3,0,0
BRDA:93,4,0,0
BRDA:93,4,1,0
BRDA:131,5,0,0
BRDA:133,6,0,0
BRDA:133,6,1,0
BRDA:133,6,2,0
BRF:12
BRH:0
end_of_record
TN:
SF:src\validators\draftValidators.ts
FN:41,(anonymous_0)
FN:47,(anonymous_1)
FN:62,(anonymous_2)
FN:77,(anonymous_3)
FN:92,(anonymous_4)
FNF:5
FNH:0
FNDA:0,(anonymous_0)
FNDA:0,(anonymous_1)
FNDA:0,(anonymous_2)
FNDA:0,(anonymous_3)
FNDA:0,(anonymous_4)
DA:7,0
DA:8,0
DA:10,0
DA:21,0
DA:32,0
DA:40,0
DA:41,0
DA:46,0
DA:48,0
DA:49,0
DA:50,0
DA:52,0
DA:61,0
DA:63,0
DA:64,0
DA:65,0
DA:67,0
DA:76,0
DA:78,0
DA:79,0
DA:80,0
DA:82,0
DA:91,0
DA:93,0
DA:94,0
DA:95,0
DA:97,0
LF:27
LH:0
BRDA:55,0,0,0
BRDA:55,0,1,0
BRDA:70,1,0,0
BRDA:70,1,1,0
BRDA:85,2,0,0
BRDA:85,2,1,0
BRDA:100,3,0,0
BRDA:100,3,1,0
BRF:8
BRH:0
end_of_record
TN:
SF:src\validators\index.ts
FNF:0
FNH:0
DA:1,0
DA:2,0
DA:3,0
LF:3
LH:0
BRF:0
BRH:0
end_of_record
TN:
SF:src\validators\mediaValidators.ts
FN:31,(anonymous_0)
FN:42,(anonymous_1)
FNF:2
FNH:0
FNDA:0,(anonymous_0)
FNDA:0,(anonymous_1)
DA:7,0
DA:8,0
DA:13,0
DA:32,0
DA:33,0
DA:34,0
DA:36,0
DA:43,0
DA:45,0
DA:46,0
DA:49,0
DA:50,0
DA:53,0
DA:60,0
DA:88,0
DA:109,0
DA:122,0
DA:151,0
LF:18
LH:0
BRDA:33,0,0,0
BRDA:45,1,0,0
BRDA:45,2,0,0
BRDA:45,2,1,0
BRDA:49,3,0,0
BRDA:49,4,0,0
BRDA:49,4,1,0
BRF:7
BRH:0
end_of_record
TN:
SF:src\validators\postValidators.ts
FN:77,(anonymous_0)
FN:92,(anonymous_1)
FN:107,(anonymous_2)
FN:135,(anonymous_3)
FN:178,(anonymous_4)
FN:301,(anonymous_5)
FN:370,(anonymous_6)
FNF:7
FNH:0
FNDA:0,(anonymous_0)
FNDA:0,(anonymous_1)
FNDA:0,(anonymous_2)
FNDA:0,(anonymous_3)
FNDA:0,(anonymous_4)
FNDA:0,(anonymous_5)
FNDA:0,(anonymous_6)
DA:7,1
DA:8,1
DA:13,1
DA:33,1
DA:53,1
DA:78,0
DA:79,0
DA:81,0
DA:82,0
DA:85,0
DA:93,0
DA:94,0
DA:96,0
DA:97,0
DA:100,0
DA:108,0
DA:109,0
DA:111,0
DA:112,0
DA:116,0
DA:117,0
DA:118,0
DA:122,0
DA:136,0
DA:137,0
DA:139,0
DA:140,0
DA:143,0
DA:150,1
DA:179,0
DA:180,0
DA:182,0
DA:183,0
DA:186,0
DA:193,1
DA:236,1
DA:247,1
DA:258,1
DA:279,1
DA:302,0
DA:303,0
DA:305,0
DA:306,0
DA:309,0
DA:316,1
DA:343,1
DA:371,0
DA:372,0
DA:373,0
DA:375,0
DA:376,0
DA:380,0
LF:52
LH:13
BRDA:81,0,0,0
BRDA:96,1,0,0
BRDA:111,2,0,0
BRDA:117,3,0,0
BRDA:139,4,0,0
BRDA:182,5,0,0
BRDA:305,6,0,0
BRDA:371,7,0,0
BRDA:375,8,0,0
BRF:9
BRH:0
end_of_record
TN:
SF:src\validators\uiValidators.ts
FN:25,(anonymous_0)
FN:64,(anonymous_1)
FNF:2
FNH:0
FNDA:0,(anonymous_0)
FNDA:0,(anonymous_1)
DA:7,1
DA:8,1
DA:13,1
DA:26,0
DA:27,0
DA:29,0
DA:30,0
DA:33,0
DA:40,1
DA:65,0
DA:66,0
DA:67,0
DA:69,0
DA:70,0
DA:74,0
DA:91,1
LF:16
LH:5
BRDA:29,0,0,0
BRDA:65,1,0,0
BRDA:69,2,0,0
BRF:3
BRH:0
end_of_record
TN:
SF:src\validators\workspace.validators.ts
FN:8,(anonymous_1)
FNF:1
FNH:0
FNDA:0,(anonymous_1)
DA:1,1
DA:2,1
DA:3,1
DA:8,1
DA:9,0
DA:19,1
DA:53,1
DA:91,1
DA:103,1
DA:112,1
LF:10
LH:9
BRF:0
BRH:0
end_of_record
